<?xml version="1.0" encoding="UTF-8"?>
<robot generator="Robot 5.0.1 (Python 3.10.5 on win32)" generated="20221121 17:54:35.754" rpa="false" schemaversion="3">
<suite id="s1" name="site details Test manage" source="E:\Microsoftvs\Resource\site_details_Test_manage.robot">
<test id="s1-t1" name="TC001:verify Login With_site_Details_Credentials:" line="6">
<kw name="Set Test Documentation" library="BuiltIn">
<arg>Executing_Login_Testcase</arg>
<doc>Sets documentation for the current test case.</doc>
<msg timestamp="20221121 17:54:36.363" level="INFO">Set test documentation to:
Executing_Login_Testcase</msg>
<status status="PASS" starttime="20221121 17:54:36.362" endtime="20221121 17:54:36.363"/>
</kw>
<kw name="Login With_Credentials_Site_Details:" library="site_details">
<kw name="Open Browser" library="SeleniumLibrary">
<arg>${url}</arg>
<arg>${browser}</arg>
<doc>Opens a new browser instance to the optional ``url``.</doc>
<msg timestamp="20221121 17:54:36.365" level="INFO">Opening browser 'chrome' to base url 'https://iottez.com:8443/IOT_WEB_APP/'.</msg>
<status status="PASS" starttime="20221121 17:54:36.364" endtime="20221121 17:54:39.941"/>
</kw>
<kw name="Maximize Browser Window" library="SeleniumLibrary">
<doc>Maximizes current browser window.</doc>
<status status="PASS" starttime="20221121 17:54:39.941" endtime="20221121 17:54:40.094"/>
</kw>
<kw name="Input Text" library="SeleniumLibrary">
<arg>id:uname</arg>
<arg>${app}</arg>
<doc>Types the given ``text`` into the text field identified by ``locator``.</doc>
<msg timestamp="20221121 17:54:40.095" level="INFO">Typing text 'arsite' into text field 'id:uname'.</msg>
<status status="PASS" starttime="20221121 17:54:40.095" endtime="20221121 17:54:40.311"/>
</kw>
<kw name="Input Password" library="SeleniumLibrary">
<arg>id:pass</arg>
<arg>${app_pass}</arg>
<doc>Types the given password into the text field identified by ``locator``.</doc>
<msg timestamp="20221121 17:54:40.312" level="INFO">Typing password into text field 'id:pass'.</msg>
<msg timestamp="20221121 17:54:40.384" level="INFO">Temporally setting log level to: NONE</msg>
<msg timestamp="20221121 17:54:40.489" level="INFO">Log level changed from NONE to INFO.</msg>
<status status="PASS" starttime="20221121 17:54:40.311" endtime="20221121 17:54:40.489"/>
</kw>
<kw name="Click Button" library="SeleniumLibrary">
<arg>${submitbutton}</arg>
<doc>Clicks the button identified by ``locator``.</doc>
<msg timestamp="20221121 17:54:40.490" level="INFO">Clicking button 'xpath:/html/body/div/div[2]/div/form/div[4]/div[2]/div/button'.</msg>
<status status="PASS" starttime="20221121 17:54:40.490" endtime="20221121 17:54:41.357"/>
</kw>
<kw name="Sleep" library="BuiltIn">
<arg>2s</arg>
<doc>Pauses the test executed for the given time.</doc>
<msg timestamp="20221121 17:54:43.361" level="INFO">Slept 2 seconds</msg>
<status status="PASS" starttime="20221121 17:54:41.357" endtime="20221121 17:54:43.361"/>
</kw>
<kw name="Click Element" library="SeleniumLibrary">
<arg>${Login_site}</arg>
<doc>Click the element identified by ``locator``.</doc>
<msg timestamp="20221121 17:54:43.362" level="INFO">Clicking element 'xpath:/html/body/div[1]/div[2]/div/div[2]/div/div/div[2]/div/div/input[1]'.</msg>
<status status="PASS" starttime="20221121 17:54:43.361" endtime="20221121 17:54:43.435"/>
</kw>
<kw name="Click Element" library="SeleniumLibrary">
<arg>${Continue}</arg>
<doc>Click the element identified by ``locator``.</doc>
<msg timestamp="20221121 17:54:43.436" level="INFO">Clicking element 'xpath:/html/body/div[1]/div[2]/div/div[2]/div/div/div[3]/button[1]'.</msg>
<status status="PASS" starttime="20221121 17:54:43.436" endtime="20221121 17:54:43.527"/>
</kw>
<status status="PASS" starttime="20221121 17:54:36.363" endtime="20221121 17:54:43.527"/>
</kw>
<kw name="Log" library="BuiltIn">
<arg>Login_sucessful</arg>
<doc>Logs the given message with the given level.</doc>
<msg timestamp="20221121 17:54:43.528" level="INFO">Login_sucessful</msg>
<status status="PASS" starttime="20221121 17:54:43.528" endtime="20221121 17:54:43.529"/>
</kw>
<kw name="Set Test Message" library="BuiltIn">
<arg>ExecuteLoginpage</arg>
<doc>Sets message for the current test case.</doc>
<msg timestamp="20221121 17:54:43.530" level="INFO">Set test message to:
ExecuteLoginpage</msg>
<status status="PASS" starttime="20221121 17:54:43.529" endtime="20221121 17:54:43.530"/>
</kw>
<doc>Executing_Login_Testcase</doc>
<tag>Login_site_Details_case</tag>
<status status="PASS" starttime="20221121 17:54:36.360" endtime="20221121 17:54:43.530">ExecuteLoginpage</status>
</test>
<test id="s1-t2" name="TC002:verify Site_details_for_Site_Management_View_option:" line="12">
<kw name="Set Test Documentation" library="BuiltIn">
<arg>Executing_View_Testcase</arg>
<doc>Sets documentation for the current test case.</doc>
<msg timestamp="20221121 17:54:43.535" level="INFO">Set test documentation to:
Executing_View_Testcase</msg>
<status status="PASS" starttime="20221121 17:54:43.535" endtime="20221121 17:54:43.536"/>
</kw>
<kw name="Login With_Credentials_Site_Details:" library="site_details">
<kw name="Open Browser" library="SeleniumLibrary">
<arg>${url}</arg>
<arg>${browser}</arg>
<doc>Opens a new browser instance to the optional ``url``.</doc>
<msg timestamp="20221121 17:54:43.538" level="INFO">Opening browser 'chrome' to base url 'https://iottez.com:8443/IOT_WEB_APP/'.</msg>
<status status="PASS" starttime="20221121 17:54:43.537" endtime="20221121 17:54:46.884"/>
</kw>
<kw name="Maximize Browser Window" library="SeleniumLibrary">
<doc>Maximizes current browser window.</doc>
<status status="PASS" starttime="20221121 17:54:46.885" endtime="20221121 17:54:47.032"/>
</kw>
<kw name="Input Text" library="SeleniumLibrary">
<arg>id:uname</arg>
<arg>${app}</arg>
<doc>Types the given ``text`` into the text field identified by ``locator``.</doc>
<msg timestamp="20221121 17:54:47.033" level="INFO">Typing text 'arsite' into text field 'id:uname'.</msg>
<status status="PASS" starttime="20221121 17:54:47.033" endtime="20221121 17:54:47.205"/>
</kw>
<kw name="Input Password" library="SeleniumLibrary">
<arg>id:pass</arg>
<arg>${app_pass}</arg>
<doc>Types the given password into the text field identified by ``locator``.</doc>
<msg timestamp="20221121 17:54:47.205" level="INFO">Typing password into text field 'id:pass'.</msg>
<msg timestamp="20221121 17:54:47.259" level="INFO">Temporally setting log level to: NONE</msg>
<msg timestamp="20221121 17:54:47.344" level="INFO">Log level changed from NONE to INFO.</msg>
<status status="PASS" starttime="20221121 17:54:47.205" endtime="20221121 17:54:47.344"/>
</kw>
<kw name="Click Button" library="SeleniumLibrary">
<arg>${submitbutton}</arg>
<doc>Clicks the button identified by ``locator``.</doc>
<msg timestamp="20221121 17:54:47.345" level="INFO">Clicking button 'xpath:/html/body/div/div[2]/div/form/div[4]/div[2]/div/button'.</msg>
<status status="PASS" starttime="20221121 17:54:47.344" endtime="20221121 17:54:47.983"/>
</kw>
<kw name="Sleep" library="BuiltIn">
<arg>2s</arg>
<doc>Pauses the test executed for the given time.</doc>
<msg timestamp="20221121 17:54:49.995" level="INFO">Slept 2 seconds</msg>
<status status="PASS" starttime="20221121 17:54:47.984" endtime="20221121 17:54:49.995"/>
</kw>
<kw name="Click Element" library="SeleniumLibrary">
<arg>${Login_site}</arg>
<doc>Click the element identified by ``locator``.</doc>
<msg timestamp="20221121 17:54:49.996" level="INFO">Clicking element 'xpath:/html/body/div[1]/div[2]/div/div[2]/div/div/div[2]/div/div/input[1]'.</msg>
<status status="PASS" starttime="20221121 17:54:49.995" endtime="20221121 17:54:50.115"/>
</kw>
<kw name="Click Element" library="SeleniumLibrary">
<arg>${Continue}</arg>
<doc>Click the element identified by ``locator``.</doc>
<msg timestamp="20221121 17:54:50.116" level="INFO">Clicking element 'xpath:/html/body/div[1]/div[2]/div/div[2]/div/div/div[3]/button[1]'.</msg>
<status status="PASS" starttime="20221121 17:54:50.115" endtime="20221121 17:54:50.194"/>
</kw>
<status status="PASS" starttime="20221121 17:54:43.536" endtime="20221121 17:54:50.195"/>
</kw>
<kw name="Site_details_for_Site_Management_View_option:" library="site_details">
<kw name="Sleep" library="BuiltIn">
<arg>2s</arg>
<doc>Pauses the test executed for the given time.</doc>
<msg timestamp="20221121 17:54:52.211" level="INFO">Slept 2 seconds</msg>
<status status="PASS" starttime="20221121 17:54:50.196" endtime="20221121 17:54:52.211"/>
</kw>
<kw name="Page Should Contain" library="SeleniumLibrary">
<arg>${pagecontain}</arg>
<doc>Verifies that current page contains ``text``.</doc>
<msg timestamp="20221121 17:54:52.233" level="INFO">Current page contains text 'Site - site1'.</msg>
<status status="PASS" starttime="20221121 17:54:52.211" endtime="20221121 17:54:52.233"/>
</kw>
<kw name="Click Element" library="SeleniumLibrary">
<arg>${siteadmin}</arg>
<doc>Click the element identified by ``locator``.</doc>
<msg timestamp="20221121 17:54:52.234" level="INFO">Clicking element 'xpath:/html/body/div/div[1]/aside/section/ul/li[2]/a'.</msg>
<status status="PASS" starttime="20221121 17:54:52.234" endtime="20221121 17:54:52.994"/>
</kw>
<kw name="Sleep" library="BuiltIn">
<arg>2s</arg>
<doc>Pauses the test executed for the given time.</doc>
<msg timestamp="20221121 17:54:55.000" level="INFO">Slept 2 seconds</msg>
<status status="PASS" starttime="20221121 17:54:52.995" endtime="20221121 17:54:55.001"/>
</kw>
<kw name="Click Element" library="SeleniumLibrary">
<arg>${siteadmin_view}</arg>
<doc>Click the element identified by ``locator``.</doc>
<msg timestamp="20221121 17:54:55.002" level="INFO">Clicking element 'xpath:/html/body/div/div[5]/section/div[3]/div/div/div/div[2]/div/table/tbody/tr/td[8]/button[1]'.</msg>
<status status="PASS" starttime="20221121 17:54:55.001" endtime="20221121 17:54:56.534"/>
</kw>
<kw name="Sleep" library="BuiltIn">
<arg>2s</arg>
<doc>Pauses the test executed for the given time.</doc>
<msg timestamp="20221121 17:54:58.538" level="INFO">Slept 2 seconds</msg>
<status status="PASS" starttime="20221121 17:54:56.534" endtime="20221121 17:54:58.538"/>
</kw>
<kw name="Click Element" library="SeleniumLibrary">
<arg>${Goback}</arg>
<doc>Click the element identified by ``locator``.</doc>
<msg timestamp="20221121 17:54:58.539" level="INFO">Clicking element 'xpath:/html/body/div/div[5]/section/button'.</msg>
<status status="PASS" starttime="20221121 17:54:58.538" endtime="20221121 17:55:00.036"/>
</kw>
<kw name="Close Browser" library="SeleniumLibrary">
<doc>Closes the current browser.</doc>
<status status="PASS" starttime="20221121 17:55:00.037" endtime="20221121 17:55:02.384"/>
</kw>
<status status="PASS" starttime="20221121 17:54:50.196" endtime="20221121 17:55:02.385"/>
</kw>
<kw name="Log" library="BuiltIn">
<arg>Site_details_for_Site_Management_View_option</arg>
<doc>Logs the given message with the given level.</doc>
<msg timestamp="20221121 17:55:02.387" level="INFO">Site_details_for_Site_Management_View_option</msg>
<status status="PASS" starttime="20221121 17:55:02.387" endtime="20221121 17:55:02.388"/>
</kw>
<kw name="Set Test Message" library="BuiltIn">
<arg>ExecuteViewpage</arg>
<doc>Sets message for the current test case.</doc>
<msg timestamp="20221121 17:55:02.390" level="INFO">Set test message to:
ExecuteViewpage</msg>
<status status="PASS" starttime="20221121 17:55:02.389" endtime="20221121 17:55:02.390"/>
</kw>
<doc>Executing_View_Testcase</doc>
<tag>Site_details_for_Site_Management_View_option</tag>
<status status="PASS" starttime="20221121 17:54:43.532" endtime="20221121 17:55:02.393">ExecuteViewpage</status>
</test>
<test id="s1-t3" name="TC003:verify Site_details_for_Site_Management_Edit_option:" line="19">
<kw name="Set Test Documentation" library="BuiltIn">
<arg>Executing_Edit_Testcase</arg>
<doc>Sets documentation for the current test case.</doc>
<msg timestamp="20221121 17:55:02.403" level="INFO">Set test documentation to:
Executing_Edit_Testcase</msg>
<status status="PASS" starttime="20221121 17:55:02.402" endtime="20221121 17:55:02.403"/>
</kw>
<kw name="Login With_Credentials_Site_Details:" library="site_details">
<kw name="Open Browser" library="SeleniumLibrary">
<arg>${url}</arg>
<arg>${browser}</arg>
<doc>Opens a new browser instance to the optional ``url``.</doc>
<msg timestamp="20221121 17:55:02.410" level="INFO">Opening browser 'chrome' to base url 'https://iottez.com:8443/IOT_WEB_APP/'.</msg>
<status status="PASS" starttime="20221121 17:55:02.408" endtime="20221121 17:55:07.839"/>
</kw>
<kw name="Maximize Browser Window" library="SeleniumLibrary">
<doc>Maximizes current browser window.</doc>
<status status="PASS" starttime="20221121 17:55:07.840" endtime="20221121 17:55:07.964"/>
</kw>
<kw name="Input Text" library="SeleniumLibrary">
<arg>id:uname</arg>
<arg>${app}</arg>
<doc>Types the given ``text`` into the text field identified by ``locator``.</doc>
<msg timestamp="20221121 17:55:07.965" level="INFO">Typing text 'arsite' into text field 'id:uname'.</msg>
<status status="PASS" starttime="20221121 17:55:07.964" endtime="20221121 17:55:08.132"/>
</kw>
<kw name="Input Password" library="SeleniumLibrary">
<arg>id:pass</arg>
<arg>${app_pass}</arg>
<doc>Types the given password into the text field identified by ``locator``.</doc>
<msg timestamp="20221121 17:55:08.133" level="INFO">Typing password into text field 'id:pass'.</msg>
<msg timestamp="20221121 17:55:08.183" level="INFO">Temporally setting log level to: NONE</msg>
<msg timestamp="20221121 17:55:08.266" level="INFO">Log level changed from NONE to INFO.</msg>
<status status="PASS" starttime="20221121 17:55:08.133" endtime="20221121 17:55:08.266"/>
</kw>
<kw name="Click Button" library="SeleniumLibrary">
<arg>${submitbutton}</arg>
<doc>Clicks the button identified by ``locator``.</doc>
<msg timestamp="20221121 17:55:08.267" level="INFO">Clicking button 'xpath:/html/body/div/div[2]/div/form/div[4]/div[2]/div/button'.</msg>
<status status="PASS" starttime="20221121 17:55:08.266" endtime="20221121 17:55:09.022"/>
</kw>
<kw name="Sleep" library="BuiltIn">
<arg>2s</arg>
<doc>Pauses the test executed for the given time.</doc>
<msg timestamp="20221121 17:55:11.030" level="INFO">Slept 2 seconds</msg>
<status status="PASS" starttime="20221121 17:55:09.023" endtime="20221121 17:55:11.030"/>
</kw>
<kw name="Click Element" library="SeleniumLibrary">
<arg>${Login_site}</arg>
<doc>Click the element identified by ``locator``.</doc>
<msg timestamp="20221121 17:55:11.032" level="INFO">Clicking element 'xpath:/html/body/div[1]/div[2]/div/div[2]/div/div/div[2]/div/div/input[1]'.</msg>
<status status="PASS" starttime="20221121 17:55:11.031" endtime="20221121 17:55:11.153"/>
</kw>
<kw name="Click Element" library="SeleniumLibrary">
<arg>${Continue}</arg>
<doc>Click the element identified by ``locator``.</doc>
<msg timestamp="20221121 17:55:11.155" level="INFO">Clicking element 'xpath:/html/body/div[1]/div[2]/div/div[2]/div/div/div[3]/button[1]'.</msg>
<status status="PASS" starttime="20221121 17:55:11.154" endtime="20221121 17:55:11.238"/>
</kw>
<status status="PASS" starttime="20221121 17:55:02.405" endtime="20221121 17:55:11.238"/>
</kw>
<kw name="Site_details_for_Site_Management_Edit_option:" library="site_details">
<kw name="Sleep" library="BuiltIn">
<arg>2s</arg>
<doc>Pauses the test executed for the given time.</doc>
<msg timestamp="20221121 17:55:13.244" level="INFO">Slept 2 seconds</msg>
<status status="PASS" starttime="20221121 17:55:11.240" endtime="20221121 17:55:13.244"/>
</kw>
<kw name="Page Should Contain" library="SeleniumLibrary">
<arg>${pagecontain}</arg>
<doc>Verifies that current page contains ``text``.</doc>
<msg timestamp="20221121 17:55:13.267" level="INFO">Current page contains text 'Site - site1'.</msg>
<status status="PASS" starttime="20221121 17:55:13.245" endtime="20221121 17:55:13.267"/>
</kw>
<kw name="Click Element" library="SeleniumLibrary">
<arg>${siteadmin}</arg>
<doc>Click the element identified by ``locator``.</doc>
<msg timestamp="20221121 17:55:13.268" level="INFO">Clicking element 'xpath:/html/body/div/div[1]/aside/section/ul/li[2]/a'.</msg>
<status status="PASS" starttime="20221121 17:55:13.267" endtime="20221121 17:55:13.998"/>
</kw>
<kw name="Sleep" library="BuiltIn">
<arg>2s</arg>
<doc>Pauses the test executed for the given time.</doc>
<msg timestamp="20221121 17:55:16.010" level="INFO">Slept 2 seconds</msg>
<status status="PASS" starttime="20221121 17:55:13.998" endtime="20221121 17:55:16.010"/>
</kw>
<kw name="Click Element" library="SeleniumLibrary">
<arg>${siteadmin_Edit}</arg>
<doc>Click the element identified by ``locator``.</doc>
<msg timestamp="20221121 17:55:16.011" level="INFO">Clicking element 'xpath:/html/body/div/div[5]/section/div[3]/div/div/div/div[2]/div/table/tbody/tr/td[8]/button[2]'.</msg>
<status status="PASS" starttime="20221121 17:55:16.010" endtime="20221121 17:55:16.973"/>
</kw>
<kw name="Sleep" library="BuiltIn">
<arg>2s</arg>
<doc>Pauses the test executed for the given time.</doc>
<msg timestamp="20221121 17:55:18.990" level="INFO">Slept 2 seconds</msg>
<status status="PASS" starttime="20221121 17:55:16.974" endtime="20221121 17:55:18.990"/>
</kw>
<kw name="Input Text" library="SeleniumLibrary">
<arg>${siteadmin_Editvalue}</arg>
<arg>${siteadmin_Editname}</arg>
<doc>Types the given ``text`` into the text field identified by ``locator``.</doc>
<msg timestamp="20221121 17:55:18.991" level="INFO">Typing text 'site2' into text field 'xpath:/html/body/div/div[5]/form/section[1]/div/div[2]/div/div[1]/div[1]/input'.</msg>
<status status="PASS" starttime="20221121 17:55:18.990" endtime="20221121 17:55:19.195"/>
</kw>
<kw name="Sleep" library="BuiltIn">
<arg>2s</arg>
<doc>Pauses the test executed for the given time.</doc>
<msg timestamp="20221121 17:55:21.197" level="INFO">Slept 2 seconds</msg>
<status status="PASS" starttime="20221121 17:55:19.195" endtime="20221121 17:55:21.197"/>
</kw>
<kw name="Click Element" library="SeleniumLibrary">
<arg>${siteadmin_Edit_save}</arg>
<doc>Click the element identified by ``locator``.</doc>
<msg timestamp="20221121 17:55:21.199" level="INFO">Clicking element 'xpath:/html/body/div/div[5]/form/section[2]/div[2]/div/button'.</msg>
<status status="PASS" starttime="20221121 17:55:21.198" endtime="20221121 17:55:21.406"/>
</kw>
<status status="PASS" starttime="20221121 17:55:11.240" endtime="20221121 17:55:21.407"/>
</kw>
<kw name="Log" library="BuiltIn">
<arg>Site_details_for_Site_Management_Edit_option</arg>
<doc>Logs the given message with the given level.</doc>
<msg timestamp="20221121 17:55:21.408" level="INFO">Site_details_for_Site_Management_Edit_option</msg>
<status status="PASS" starttime="20221121 17:55:21.408" endtime="20221121 17:55:21.408"/>
</kw>
<kw name="Set Test Message" library="BuiltIn">
<arg>ExecuteEditpage</arg>
<doc>Sets message for the current test case.</doc>
<msg timestamp="20221121 17:55:21.409" level="INFO">Set test message to:
ExecuteEditpage</msg>
<status status="PASS" starttime="20221121 17:55:21.409" endtime="20221121 17:55:21.409"/>
</kw>
<doc>Executing_Edit_Testcase</doc>
<tag>Site_details_for_Site_Management_Edit_option</tag>
<status status="PASS" starttime="20221121 17:55:02.397" endtime="20221121 17:55:21.410">ExecuteEditpage</status>
</test>
<test id="s1-t4" name="TC004:verify Site_details_for_Site_Management_Delete_option:" line="26">
<kw name="Set Test Documentation" library="BuiltIn">
<arg>Executing_Delete_Testcase</arg>
<doc>Sets documentation for the current test case.</doc>
<msg timestamp="20221121 17:55:21.416" level="INFO">Set test documentation to:
Executing_Delete_Testcase</msg>
<status status="PASS" starttime="20221121 17:55:21.415" endtime="20221121 17:55:21.416"/>
</kw>
<kw name="Login With_Credentials_Site_Details:" library="site_details">
<kw name="Open Browser" library="SeleniumLibrary">
<arg>${url}</arg>
<arg>${browser}</arg>
<doc>Opens a new browser instance to the optional ``url``.</doc>
<msg timestamp="20221121 17:55:21.418" level="INFO">Opening browser 'chrome' to base url 'https://iottez.com:8443/IOT_WEB_APP/'.</msg>
<status status="PASS" starttime="20221121 17:55:21.418" endtime="20221121 17:55:27.726"/>
</kw>
<kw name="Maximize Browser Window" library="SeleniumLibrary">
<doc>Maximizes current browser window.</doc>
<status status="PASS" starttime="20221121 17:55:27.727" endtime="20221121 17:55:27.870"/>
</kw>
<kw name="Input Text" library="SeleniumLibrary">
<arg>id:uname</arg>
<arg>${app}</arg>
<doc>Types the given ``text`` into the text field identified by ``locator``.</doc>
<msg timestamp="20221121 17:55:27.872" level="INFO">Typing text 'arsite' into text field 'id:uname'.</msg>
<status status="PASS" starttime="20221121 17:55:27.871" endtime="20221121 17:55:28.062"/>
</kw>
<kw name="Input Password" library="SeleniumLibrary">
<arg>id:pass</arg>
<arg>${app_pass}</arg>
<doc>Types the given password into the text field identified by ``locator``.</doc>
<msg timestamp="20221121 17:55:28.063" level="INFO">Typing password into text field 'id:pass'.</msg>
<msg timestamp="20221121 17:55:28.126" level="INFO">Temporally setting log level to: NONE</msg>
<msg timestamp="20221121 17:55:28.219" level="INFO">Log level changed from NONE to INFO.</msg>
<status status="PASS" starttime="20221121 17:55:28.062" endtime="20221121 17:55:28.220"/>
</kw>
<kw name="Click Button" library="SeleniumLibrary">
<arg>${submitbutton}</arg>
<doc>Clicks the button identified by ``locator``.</doc>
<msg timestamp="20221121 17:55:28.220" level="INFO">Clicking button 'xpath:/html/body/div/div[2]/div/form/div[4]/div[2]/div/button'.</msg>
<status status="PASS" starttime="20221121 17:55:28.220" endtime="20221121 17:55:29.455"/>
</kw>
<kw name="Sleep" library="BuiltIn">
<arg>2s</arg>
<doc>Pauses the test executed for the given time.</doc>
<msg timestamp="20221121 17:55:31.457" level="INFO">Slept 2 seconds</msg>
<status status="PASS" starttime="20221121 17:55:29.456" endtime="20221121 17:55:31.457"/>
</kw>
<kw name="Click Element" library="SeleniumLibrary">
<arg>${Login_site}</arg>
<doc>Click the element identified by ``locator``.</doc>
<msg timestamp="20221121 17:55:31.459" level="INFO">Clicking element 'xpath:/html/body/div[1]/div[2]/div/div[2]/div/div/div[2]/div/div/input[1]'.</msg>
<status status="PASS" starttime="20221121 17:55:31.458" endtime="20221121 17:55:31.678"/>
</kw>
<kw name="Click Element" library="SeleniumLibrary">
<arg>${Continue}</arg>
<doc>Click the element identified by ``locator``.</doc>
<msg timestamp="20221121 17:55:31.680" level="INFO">Clicking element 'xpath:/html/body/div[1]/div[2]/div/div[2]/div/div/div[3]/button[1]'.</msg>
<status status="PASS" starttime="20221121 17:55:31.679" endtime="20221121 17:55:31.797"/>
</kw>
<status status="PASS" starttime="20221121 17:55:21.417" endtime="20221121 17:55:31.797"/>
</kw>
<kw name="Site_details_for_Site_Management_Delete_option:" library="site_details">
<kw name="Sleep" library="BuiltIn">
<arg>2s</arg>
<doc>Pauses the test executed for the given time.</doc>
<msg timestamp="20221121 17:55:33.813" level="INFO">Slept 2 seconds</msg>
<status status="PASS" starttime="20221121 17:55:31.799" endtime="20221121 17:55:33.813"/>
</kw>
<kw name="Page Should Contain" library="SeleniumLibrary">
<arg>${pagecontain}</arg>
<doc>Verifies that current page contains ``text``.</doc>
<kw name="Capture Page Screenshot" library="SeleniumLibrary">
<doc>Takes a screenshot of the current page and embeds it into a log file.</doc>
<msg timestamp="20221121 17:55:35.036" level="INFO" html="true">&lt;/td&gt;&lt;/tr&gt;&lt;tr&gt;&lt;td colspan="3"&gt;&lt;a href="selenium-screenshot-1.png"&gt;&lt;img src="selenium-screenshot-1.png" width="800px"&gt;&lt;/a&gt;</msg>
<status status="PASS" starttime="20221121 17:55:34.721" endtime="20221121 17:55:35.036"/>
</kw>
<msg timestamp="20221121 17:55:35.038" level="FAIL">Page should have contained text 'Site - site1' but did not.</msg>
<status status="FAIL" starttime="20221121 17:55:33.814" endtime="20221121 17:55:35.042"/>
</kw>
<kw name="Click Element" library="SeleniumLibrary">
<arg>${siteadmin}</arg>
<doc>Click the element identified by ``locator``.</doc>
<status status="NOT RUN" starttime="20221121 17:55:35.043" endtime="20221121 17:55:35.044"/>
</kw>
<kw name="Sleep" library="BuiltIn">
<arg>2s</arg>
<doc>Pauses the test executed for the given time.</doc>
<status status="NOT RUN" starttime="20221121 17:55:35.044" endtime="20221121 17:55:35.044"/>
</kw>
<kw name="Click Element" library="SeleniumLibrary">
<arg>xpath:/html/body/div/div[5]/section/div[3]/div/div/div/div[2]/div/table/tbody/tr/td[8]/button[3]</arg>
<doc>Click the element identified by ``locator``.</doc>
<status status="NOT RUN" starttime="20221121 17:55:35.044" endtime="20221121 17:55:35.044"/>
</kw>
<kw name="Handle Alert" library="SeleniumLibrary">
<arg>Accept:Ok</arg>
<doc>Handles the current alert and returns its message.</doc>
<status status="NOT RUN" starttime="20221121 17:55:35.044" endtime="20221121 17:55:35.044"/>
</kw>
<status status="FAIL" starttime="20221121 17:55:31.798" endtime="20221121 17:55:35.045"/>
</kw>
<kw name="Log" library="BuiltIn">
<arg>Site_details_for_Site_Management_Delete_option</arg>
<doc>Logs the given message with the given level.</doc>
<status status="NOT RUN" starttime="20221121 17:55:35.046" endtime="20221121 17:55:35.046"/>
</kw>
<kw name="Set Test Message" library="BuiltIn">
<arg>ExecuteDeletepage</arg>
<doc>Sets message for the current test case.</doc>
<status status="NOT RUN" starttime="20221121 17:55:35.046" endtime="20221121 17:55:35.047"/>
</kw>
<doc>Executing_Delete_Testcase</doc>
<tag>Site_details_for_Site_Management_Delete_option</tag>
<status status="FAIL" starttime="20221121 17:55:21.413" endtime="20221121 17:55:35.047">Page should have contained text 'Site - site1' but did not.</status>
</test>
<test id="s1-t5" name="TC005:verify Site_details_for_Site_Management_Sign_Out_option:" line="33">
<kw name="Set Test Documentation" library="BuiltIn">
<arg>Executing_Login_Testcase</arg>
<doc>Sets documentation for the current test case.</doc>
<msg timestamp="20221121 17:55:35.053" level="INFO">Set test documentation to:
Executing_Login_Testcase</msg>
<status status="PASS" starttime="20221121 17:55:35.053" endtime="20221121 17:55:35.053"/>
</kw>
<kw name="Site_details_for_Site_Management_Delete_option:" library="site_details">
<kw name="Sleep" library="BuiltIn">
<arg>2s</arg>
<doc>Pauses the test executed for the given time.</doc>
<msg timestamp="20221121 17:55:37.058" level="INFO">Slept 2 seconds</msg>
<status status="PASS" starttime="20221121 17:55:35.054" endtime="20221121 17:55:37.059"/>
</kw>
<kw name="Page Should Contain" library="SeleniumLibrary">
<arg>${pagecontain}</arg>
<doc>Verifies that current page contains ``text``.</doc>
<kw name="Capture Page Screenshot" library="SeleniumLibrary">
<doc>Takes a screenshot of the current page and embeds it into a log file.</doc>
<msg timestamp="20221121 17:55:37.352" level="INFO" html="true">&lt;/td&gt;&lt;/tr&gt;&lt;tr&gt;&lt;td colspan="3"&gt;&lt;a href="selenium-screenshot-2.png"&gt;&lt;img src="selenium-screenshot-2.png" width="800px"&gt;&lt;/a&gt;</msg>
<status status="PASS" starttime="20221121 17:55:37.188" endtime="20221121 17:55:37.352"/>
</kw>
<msg timestamp="20221121 17:55:37.353" level="FAIL">Page should have contained text 'Site - site1' but did not.</msg>
<status status="FAIL" starttime="20221121 17:55:37.059" endtime="20221121 17:55:37.353"/>
</kw>
<kw name="Click Element" library="SeleniumLibrary">
<arg>${siteadmin}</arg>
<doc>Click the element identified by ``locator``.</doc>
<status status="NOT RUN" starttime="20221121 17:55:37.354" endtime="20221121 17:55:37.354"/>
</kw>
<kw name="Sleep" library="BuiltIn">
<arg>2s</arg>
<doc>Pauses the test executed for the given time.</doc>
<status status="NOT RUN" starttime="20221121 17:55:37.354" endtime="20221121 17:55:37.354"/>
</kw>
<kw name="Click Element" library="SeleniumLibrary">
<arg>xpath:/html/body/div/div[5]/section/div[3]/div/div/div/div[2]/div/table/tbody/tr/td[8]/button[3]</arg>
<doc>Click the element identified by ``locator``.</doc>
<status status="NOT RUN" starttime="20221121 17:55:37.355" endtime="20221121 17:55:37.355"/>
</kw>
<kw name="Handle Alert" library="SeleniumLibrary">
<arg>Accept:Ok</arg>
<doc>Handles the current alert and returns its message.</doc>
<status status="NOT RUN" starttime="20221121 17:55:37.355" endtime="20221121 17:55:37.355"/>
</kw>
<status status="FAIL" starttime="20221121 17:55:35.054" endtime="20221121 17:55:37.356"/>
</kw>
<kw name="Log" library="BuiltIn">
<arg>Login_sucessful</arg>
<doc>Logs the given message with the given level.</doc>
<status status="NOT RUN" starttime="20221121 17:55:37.357" endtime="20221121 17:55:37.357"/>
</kw>
<kw name="Set Test Message" library="BuiltIn">
<arg>ExecuteLoginpage</arg>
<doc>Sets message for the current test case.</doc>
<status status="NOT RUN" starttime="20221121 17:55:37.358" endtime="20221121 17:55:37.358"/>
</kw>
<doc>Executing_Login_Testcase</doc>
<tag>Login_Fota_case</tag>
<status status="FAIL" starttime="20221121 17:55:35.051" endtime="20221121 17:55:37.359">Page should have contained text 'Site - site1' but did not.</status>
</test>
<test id="s1-t6" name="TC006:verify_Login_With_App_Details_Credentials:" line="41">
<kw name="Set Test Documentation" library="BuiltIn">
<arg>Executing_Login_Testcase</arg>
<doc>Sets documentation for the current test case.</doc>
<msg timestamp="20221121 17:55:37.363" level="INFO">Set test documentation to:
Executing_Login_Testcase</msg>
<status status="PASS" starttime="20221121 17:55:37.363" endtime="20221121 17:55:37.363"/>
</kw>
<kw name="Application_Details_Login_With_Application_Credentails:" library="site_details">
<kw name="Open Browser" library="SeleniumLibrary">
<arg>${url}</arg>
<arg>${browser}</arg>
<doc>Opens a new browser instance to the optional ``url``.</doc>
<msg timestamp="20221121 17:55:37.365" level="INFO">Opening browser 'chrome' to base url 'https://iottez.com:8443/IOT_WEB_APP/'.</msg>
<status status="PASS" starttime="20221121 17:55:37.364" endtime="20221121 17:55:42.575"/>
</kw>
<kw name="Maximize Browser Window" library="SeleniumLibrary">
<doc>Maximizes current browser window.</doc>
<status status="PASS" starttime="20221121 17:55:42.575" endtime="20221121 17:55:42.710"/>
</kw>
<kw name="Input Text" library="SeleniumLibrary">
<arg>id:uname</arg>
<arg>${appuser}</arg>
<doc>Types the given ``text`` into the text field identified by ``locator``.</doc>
<msg timestamp="20221121 17:55:42.710" level="INFO">Typing text 'arapp' into text field 'id:uname'.</msg>
<status status="PASS" starttime="20221121 17:55:42.710" endtime="20221121 17:55:42.891"/>
</kw>
<kw name="Input Password" library="SeleniumLibrary">
<arg>id:pass</arg>
<arg>${app_pass}</arg>
<doc>Types the given password into the text field identified by ``locator``.</doc>
<msg timestamp="20221121 17:55:42.892" level="INFO">Typing password into text field 'id:pass'.</msg>
<msg timestamp="20221121 17:55:42.960" level="INFO">Temporally setting log level to: NONE</msg>
<msg timestamp="20221121 17:55:43.065" level="INFO">Log level changed from NONE to INFO.</msg>
<status status="PASS" starttime="20221121 17:55:42.891" endtime="20221121 17:55:43.065"/>
</kw>
<kw name="Click Button" library="SeleniumLibrary">
<arg>${submitbutton}</arg>
<doc>Clicks the button identified by ``locator``.</doc>
<msg timestamp="20221121 17:55:43.066" level="INFO">Clicking button 'xpath:/html/body/div/div[2]/div/form/div[4]/div[2]/div/button'.</msg>
<status status="PASS" starttime="20221121 17:55:43.065" endtime="20221121 17:55:45.301"/>
</kw>
<status status="PASS" starttime="20221121 17:55:37.364" endtime="20221121 17:55:45.301"/>
</kw>
<kw name="Log" library="BuiltIn">
<arg>Login_sucessful</arg>
<doc>Logs the given message with the given level.</doc>
<msg timestamp="20221121 17:55:45.303" level="INFO">Login_sucessful</msg>
<status status="PASS" starttime="20221121 17:55:45.303" endtime="20221121 17:55:45.303"/>
</kw>
<kw name="Set Test Message" library="BuiltIn">
<arg>ExecuteLoginpage</arg>
<doc>Sets message for the current test case.</doc>
<msg timestamp="20221121 17:55:45.306" level="INFO">Set test message to:
ExecuteLoginpage</msg>
<status status="PASS" starttime="20221121 17:55:45.304" endtime="20221121 17:55:45.306"/>
</kw>
<doc>Executing_Login_Testcase</doc>
<tag>Login_app_Details_case</tag>
<status status="PASS" starttime="20221121 17:55:37.362" endtime="20221121 17:55:45.307">ExecuteLoginpage</status>
</test>
<test id="s1-t7" name="TC007:verify_App_Details:" line="48">
<kw name="Set Test Documentation" library="BuiltIn">
<arg>Application_Details:</arg>
<doc>Sets documentation for the current test case.</doc>
<msg timestamp="20221121 17:55:45.315" level="INFO">Set test documentation to:
Application_Details:</msg>
<status status="PASS" starttime="20221121 17:55:45.315" endtime="20221121 17:55:45.316"/>
</kw>
<kw name="Application_Details_Login_With_Application_Credentails:" library="site_details">
<kw name="Open Browser" library="SeleniumLibrary">
<arg>${url}</arg>
<arg>${browser}</arg>
<doc>Opens a new browser instance to the optional ``url``.</doc>
<msg timestamp="20221121 17:55:45.319" level="INFO">Opening browser 'chrome' to base url 'https://iottez.com:8443/IOT_WEB_APP/'.</msg>
<status status="PASS" starttime="20221121 17:55:45.317" endtime="20221121 17:55:48.304"/>
</kw>
<kw name="Maximize Browser Window" library="SeleniumLibrary">
<doc>Maximizes current browser window.</doc>
<status status="PASS" starttime="20221121 17:55:48.305" endtime="20221121 17:55:48.442"/>
</kw>
<kw name="Input Text" library="SeleniumLibrary">
<arg>id:uname</arg>
<arg>${appuser}</arg>
<doc>Types the given ``text`` into the text field identified by ``locator``.</doc>
<msg timestamp="20221121 17:55:48.443" level="INFO">Typing text 'arapp' into text field 'id:uname'.</msg>
<status status="PASS" starttime="20221121 17:55:48.442" endtime="20221121 17:55:48.632"/>
</kw>
<kw name="Input Password" library="SeleniumLibrary">
<arg>id:pass</arg>
<arg>${app_pass}</arg>
<doc>Types the given password into the text field identified by ``locator``.</doc>
<msg timestamp="20221121 17:55:48.633" level="INFO">Typing password into text field 'id:pass'.</msg>
<msg timestamp="20221121 17:55:48.694" level="INFO">Temporally setting log level to: NONE</msg>
<msg timestamp="20221121 17:55:48.779" level="INFO">Log level changed from NONE to INFO.</msg>
<status status="PASS" starttime="20221121 17:55:48.633" endtime="20221121 17:55:48.779"/>
</kw>
<kw name="Click Button" library="SeleniumLibrary">
<arg>${submitbutton}</arg>
<doc>Clicks the button identified by ``locator``.</doc>
<msg timestamp="20221121 17:55:48.780" level="INFO">Clicking button 'xpath:/html/body/div/div[2]/div/form/div[4]/div[2]/div/button'.</msg>
<status status="PASS" starttime="20221121 17:55:48.779" endtime="20221121 17:55:53.346"/>
</kw>
<status status="PASS" starttime="20221121 17:55:45.316" endtime="20221121 17:55:53.346"/>
</kw>
<kw name="Application_Details:" library="site_details">
<kw name="Page Should Contain" library="SeleniumLibrary">
<arg>arapp</arg>
<doc>Verifies that current page contains ``text``.</doc>
<msg timestamp="20221121 17:55:53.435" level="INFO">Current page contains text 'arapp'.</msg>
<status status="PASS" starttime="20221121 17:55:53.348" endtime="20221121 17:55:53.435"/>
</kw>
<kw name="Click Element" library="SeleniumLibrary">
<arg>xpath:/html/body/div/div[1]/aside/section/ul/li[3]/a</arg>
<doc>Click the element identified by ``locator``.</doc>
<msg timestamp="20221121 17:55:53.437" level="INFO">Clicking element 'xpath:/html/body/div/div[1]/aside/section/ul/li[3]/a'.</msg>
<status status="PASS" starttime="20221121 17:55:53.436" endtime="20221121 17:55:54.974"/>
</kw>
<status status="PASS" starttime="20221121 17:55:53.347" endtime="20221121 17:55:54.975"/>
</kw>
<kw name="Log" library="BuiltIn">
<arg>Login_sucessful_with_Application_Details:</arg>
<doc>Logs the given message with the given level.</doc>
<msg timestamp="20221121 17:55:54.976" level="INFO">Login_sucessful_with_Application_Details:</msg>
<status status="PASS" starttime="20221121 17:55:54.976" endtime="20221121 17:55:54.977"/>
</kw>
<kw name="Set Test Message" library="BuiltIn">
<arg>Application_Details:</arg>
<doc>Sets message for the current test case.</doc>
<msg timestamp="20221121 17:55:54.977" level="INFO">Set test message to:
Application_Details:</msg>
<status status="PASS" starttime="20221121 17:55:54.977" endtime="20221121 17:55:54.977"/>
</kw>
<doc>Application_Details:</doc>
<tag>App_Details_case</tag>
<status status="PASS" starttime="20221121 17:55:45.312" endtime="20221121 17:55:54.978">Application_Details:</status>
</test>
<test id="s1-t8" name="TC008:verify Site_details_for_Site_Management_View_option:" line="56">
<kw name="Set Test Documentation" library="BuiltIn">
<arg>Executing_View_Testcase</arg>
<doc>Sets documentation for the current test case.</doc>
<msg timestamp="20221121 17:55:54.982" level="INFO">Set test documentation to:
Executing_View_Testcase</msg>
<status status="PASS" starttime="20221121 17:55:54.982" endtime="20221121 17:55:54.983"/>
</kw>
<kw name="Application_Details_Login_With_Application_Credentails:" library="site_details">
<kw name="Open Browser" library="SeleniumLibrary">
<arg>${url}</arg>
<arg>${browser}</arg>
<doc>Opens a new browser instance to the optional ``url``.</doc>
<msg timestamp="20221121 17:55:54.985" level="INFO">Opening browser 'chrome' to base url 'https://iottez.com:8443/IOT_WEB_APP/'.</msg>
<status status="PASS" starttime="20221121 17:55:54.984" endtime="20221121 17:56:00.064"/>
</kw>
<kw name="Maximize Browser Window" library="SeleniumLibrary">
<doc>Maximizes current browser window.</doc>
<status status="PASS" starttime="20221121 17:56:00.064" endtime="20221121 17:56:00.217"/>
</kw>
<kw name="Input Text" library="SeleniumLibrary">
<arg>id:uname</arg>
<arg>${appuser}</arg>
<doc>Types the given ``text`` into the text field identified by ``locator``.</doc>
<msg timestamp="20221121 17:56:00.217" level="INFO">Typing text 'arapp' into text field 'id:uname'.</msg>
<status status="PASS" starttime="20221121 17:56:00.217" endtime="20221121 17:56:00.420"/>
</kw>
<kw name="Input Password" library="SeleniumLibrary">
<arg>id:pass</arg>
<arg>${app_pass}</arg>
<doc>Types the given password into the text field identified by ``locator``.</doc>
<msg timestamp="20221121 17:56:00.421" level="INFO">Typing password into text field 'id:pass'.</msg>
<msg timestamp="20221121 17:56:00.504" level="INFO">Temporally setting log level to: NONE</msg>
<msg timestamp="20221121 17:56:00.606" level="INFO">Log level changed from NONE to INFO.</msg>
<status status="PASS" starttime="20221121 17:56:00.420" endtime="20221121 17:56:00.606"/>
</kw>
<kw name="Click Button" library="SeleniumLibrary">
<arg>${submitbutton}</arg>
<doc>Clicks the button identified by ``locator``.</doc>
<msg timestamp="20221121 17:56:00.607" level="INFO">Clicking button 'xpath:/html/body/div/div[2]/div/form/div[4]/div[2]/div/button'.</msg>
<status status="PASS" starttime="20221121 17:56:00.606" endtime="20221121 17:56:04.644"/>
</kw>
<status status="PASS" starttime="20221121 17:55:54.983" endtime="20221121 17:56:04.645"/>
</kw>
<kw name="Application_Details:" library="site_details">
<kw name="Page Should Contain" library="SeleniumLibrary">
<arg>arapp</arg>
<doc>Verifies that current page contains ``text``.</doc>
<msg timestamp="20221121 17:56:04.690" level="INFO">Current page contains text 'arapp'.</msg>
<status status="PASS" starttime="20221121 17:56:04.648" endtime="20221121 17:56:04.690"/>
</kw>
<kw name="Click Element" library="SeleniumLibrary">
<arg>xpath:/html/body/div/div[1]/aside/section/ul/li[3]/a</arg>
<doc>Click the element identified by ``locator``.</doc>
<msg timestamp="20221121 17:56:04.691" level="INFO">Clicking element 'xpath:/html/body/div/div[1]/aside/section/ul/li[3]/a'.</msg>
<status status="PASS" starttime="20221121 17:56:04.690" endtime="20221121 17:56:07.499"/>
</kw>
<status status="PASS" starttime="20221121 17:56:04.647" endtime="20221121 17:56:07.499"/>
</kw>
<kw name="Application_details_for_Application_Management_View_option:" library="site_details">
<kw name="Page Should Contain" library="SeleniumLibrary">
<arg>arapp</arg>
<doc>Verifies that current page contains ``text``.</doc>
<msg timestamp="20221121 17:56:07.517" level="INFO">Current page contains text 'arapp'.</msg>
<status status="PASS" starttime="20221121 17:56:07.501" endtime="20221121 17:56:07.517"/>
</kw>
<kw name="Click Element" library="SeleniumLibrary">
<arg>xpath:/html/body/div/div[1]/aside/section/ul/li[3]/a</arg>
<doc>Click the element identified by ``locator``.</doc>
<msg timestamp="20221121 17:56:07.518" level="INFO">Clicking element 'xpath:/html/body/div/div[1]/aside/section/ul/li[3]/a'.</msg>
<status status="PASS" starttime="20221121 17:56:07.517" endtime="20221121 17:56:08.948"/>
</kw>
<kw name="Sleep" library="BuiltIn">
<arg>2s</arg>
<doc>Pauses the test executed for the given time.</doc>
<msg timestamp="20221121 17:56:10.963" level="INFO">Slept 2 seconds</msg>
<status status="PASS" starttime="20221121 17:56:08.948" endtime="20221121 17:56:10.963"/>
</kw>
<kw name="Click Element" library="SeleniumLibrary">
<arg>xpath:/html/body/div/div[5]/section/div[3]/div/div/div/div[2]/div/table/tbody/tr/td[9]/button[1]</arg>
<doc>Click the element identified by ``locator``.</doc>
<msg timestamp="20221121 17:56:10.966" level="INFO">Clicking element 'xpath:/html/body/div/div[5]/section/div[3]/div/div/div/div[2]/div/table/tbody/tr/td[9]/button[1]'.</msg>
<status status="PASS" starttime="20221121 17:56:10.964" endtime="20221121 17:56:13.717"/>
</kw>
<kw name="Sleep" library="BuiltIn">
<arg>2s</arg>
<doc>Pauses the test executed for the given time.</doc>
<msg timestamp="20221121 17:56:15.729" level="INFO">Slept 2 seconds</msg>
<status status="PASS" starttime="20221121 17:56:13.718" endtime="20221121 17:56:15.730"/>
</kw>
<kw name="Click Element" library="SeleniumLibrary">
<arg>xpath:/html/body/div/div[5]/section/button</arg>
<doc>Click the element identified by ``locator``.</doc>
<msg timestamp="20221121 17:56:15.731" level="INFO">Clicking element 'xpath:/html/body/div/div[5]/section/button'.</msg>
<status status="PASS" starttime="20221121 17:56:15.730" endtime="20221121 17:56:17.100"/>
</kw>
<status status="PASS" starttime="20221121 17:56:07.500" endtime="20221121 17:56:17.101"/>
</kw>
<kw name="Log" library="BuiltIn">
<arg>Site_details_for_Site_Management_View_option</arg>
<doc>Logs the given message with the given level.</doc>
<msg timestamp="20221121 17:56:17.106" level="INFO">Site_details_for_Site_Management_View_option</msg>
<status status="PASS" starttime="20221121 17:56:17.106" endtime="20221121 17:56:17.106"/>
</kw>
<kw name="Set Test Message" library="BuiltIn">
<arg>ExecuteViewpage</arg>
<doc>Sets message for the current test case.</doc>
<msg timestamp="20221121 17:56:17.107" level="INFO">Set test message to:
ExecuteViewpage</msg>
<status status="PASS" starttime="20221121 17:56:17.107" endtime="20221121 17:56:17.107"/>
</kw>
<doc>Executing_View_Testcase</doc>
<tag>Site_details_for_Site_Management_View_option</tag>
<status status="PASS" starttime="20221121 17:55:54.981" endtime="20221121 17:56:17.108">ExecuteViewpage</status>
</test>
<test id="s1-t9" name="TC009:verify Site_details_for_Site_Management_Edit_option:" line="64">
<kw name="Set Test Documentation" library="BuiltIn">
<arg>Executing_Edit_Testcase</arg>
<doc>Sets documentation for the current test case.</doc>
<msg timestamp="20221121 17:56:17.125" level="INFO">Set test documentation to:
Executing_Edit_Testcase</msg>
<status status="PASS" starttime="20221121 17:56:17.125" endtime="20221121 17:56:17.126"/>
</kw>
<kw name="Application_Details_Login_With_Application_Credentails:" library="site_details">
<kw name="Open Browser" library="SeleniumLibrary">
<arg>${url}</arg>
<arg>${browser}</arg>
<doc>Opens a new browser instance to the optional ``url``.</doc>
<msg timestamp="20221121 17:56:17.130" level="INFO">Opening browser 'chrome' to base url 'https://iottez.com:8443/IOT_WEB_APP/'.</msg>
<status status="PASS" starttime="20221121 17:56:17.127" endtime="20221121 17:56:23.024"/>
</kw>
<kw name="Maximize Browser Window" library="SeleniumLibrary">
<doc>Maximizes current browser window.</doc>
<status status="PASS" starttime="20221121 17:56:23.025" endtime="20221121 17:56:23.299"/>
</kw>
<kw name="Input Text" library="SeleniumLibrary">
<arg>id:uname</arg>
<arg>${appuser}</arg>
<doc>Types the given ``text`` into the text field identified by ``locator``.</doc>
<msg timestamp="20221121 17:56:23.302" level="INFO">Typing text 'arapp' into text field 'id:uname'.</msg>
<status status="PASS" starttime="20221121 17:56:23.301" endtime="20221121 17:56:23.555"/>
</kw>
<kw name="Input Password" library="SeleniumLibrary">
<arg>id:pass</arg>
<arg>${app_pass}</arg>
<doc>Types the given password into the text field identified by ``locator``.</doc>
<msg timestamp="20221121 17:56:23.556" level="INFO">Typing password into text field 'id:pass'.</msg>
<msg timestamp="20221121 17:56:23.649" level="INFO">Temporally setting log level to: NONE</msg>
<msg timestamp="20221121 17:56:23.785" level="INFO">Log level changed from NONE to INFO.</msg>
<status status="PASS" starttime="20221121 17:56:23.555" endtime="20221121 17:56:23.786"/>
</kw>
<kw name="Click Button" library="SeleniumLibrary">
<arg>${submitbutton}</arg>
<doc>Clicks the button identified by ``locator``.</doc>
<msg timestamp="20221121 17:56:23.787" level="INFO">Clicking button 'xpath:/html/body/div/div[2]/div/form/div[4]/div[2]/div/button'.</msg>
<status status="PASS" starttime="20221121 17:56:23.786" endtime="20221121 17:56:31.097"/>
</kw>
<status status="PASS" starttime="20221121 17:56:17.127" endtime="20221121 17:56:31.098"/>
</kw>
<kw name="Application_Details:" library="site_details">
<kw name="Page Should Contain" library="SeleniumLibrary">
<arg>arapp</arg>
<doc>Verifies that current page contains ``text``.</doc>
<msg timestamp="20221121 17:56:31.140" level="INFO">Current page contains text 'arapp'.</msg>
<status status="PASS" starttime="20221121 17:56:31.102" endtime="20221121 17:56:31.140"/>
</kw>
<kw name="Click Element" library="SeleniumLibrary">
<arg>xpath:/html/body/div/div[1]/aside/section/ul/li[3]/a</arg>
<doc>Click the element identified by ``locator``.</doc>
<msg timestamp="20221121 17:56:31.141" level="INFO">Clicking element 'xpath:/html/body/div/div[1]/aside/section/ul/li[3]/a'.</msg>
<status status="PASS" starttime="20221121 17:56:31.140" endtime="20221121 17:56:32.813"/>
</kw>
<status status="PASS" starttime="20221121 17:56:31.101" endtime="20221121 17:56:32.814"/>
</kw>
<kw name="Application_details_for_Application_Management_Edit_option:" library="site_details">
<kw name="Page Should Contain" library="SeleniumLibrary">
<arg>arapp</arg>
<doc>Verifies that current page contains ``text``.</doc>
<msg timestamp="20221121 17:56:32.850" level="INFO">Current page contains text 'arapp'.</msg>
<status status="PASS" starttime="20221121 17:56:32.819" endtime="20221121 17:56:32.850"/>
</kw>
<kw name="Click Element" library="SeleniumLibrary">
<arg>xpath:/html/body/div/div[1]/aside/section/ul/li[3]/a</arg>
<doc>Click the element identified by ``locator``.</doc>
<msg timestamp="20221121 17:56:32.851" level="INFO">Clicking element 'xpath:/html/body/div/div[1]/aside/section/ul/li[3]/a'.</msg>
<status status="PASS" starttime="20221121 17:56:32.850" endtime="20221121 17:56:33.743"/>
</kw>
<kw name="Sleep" library="BuiltIn">
<arg>2s</arg>
<doc>Pauses the test executed for the given time.</doc>
<msg timestamp="20221121 17:56:35.752" level="INFO">Slept 2 seconds</msg>
<status status="PASS" starttime="20221121 17:56:33.744" endtime="20221121 17:56:35.752"/>
</kw>
<kw name="Click Element" library="SeleniumLibrary">
<arg>xpath:/html/body/div/div[5]/section/div[3]/div/div/div/div[2]/div/table/tbody/tr/td[9]/button[2]</arg>
<doc>Click the element identified by ``locator``.</doc>
<msg timestamp="20221121 17:56:35.753" level="INFO">Clicking element 'xpath:/html/body/div/div[5]/section/div[3]/div/div/div/div[2]/div/table/tbody/tr/td[9]/button[2]'.</msg>
<status status="PASS" starttime="20221121 17:56:35.752" endtime="20221121 17:56:36.893"/>
</kw>
<kw name="Input Text" library="SeleniumLibrary">
<arg>xpath:/html/body/div/div[5]/form/section[1]/div/div[2]/div/div/div[3]/input</arg>
<arg>arapp</arg>
<doc>Types the given ``text`` into the text field identified by ``locator``.</doc>
<msg timestamp="20221121 17:56:36.894" level="INFO">Typing text 'arapp' into text field 'xpath:/html/body/div/div[5]/form/section[1]/div/div[2]/div/div/div[3]/input'.</msg>
<status status="PASS" starttime="20221121 17:56:36.893" endtime="20221121 17:56:37.101"/>
</kw>
<kw name="Sleep" library="BuiltIn">
<arg>2s</arg>
<doc>Pauses the test executed for the given time.</doc>
<msg timestamp="20221121 17:56:39.106" level="INFO">Slept 2 seconds</msg>
<status status="PASS" starttime="20221121 17:56:37.102" endtime="20221121 17:56:39.107"/>
</kw>
<kw name="Click Element" library="SeleniumLibrary">
<arg>xpath:/html/body/div/div[5]/form/section[2]/div[2]/div/button</arg>
<doc>Click the element identified by ``locator``.</doc>
<msg timestamp="20221121 17:56:39.108" level="INFO">Clicking element 'xpath:/html/body/div/div[5]/form/section[2]/div[2]/div/button'.</msg>
<status status="PASS" starttime="20221121 17:56:39.108" endtime="20221121 17:56:39.396"/>
</kw>
<kw name="Handle Alert" library="SeleniumLibrary">
<arg>Accept:OK</arg>
<doc>Handles the current alert and returns its message.</doc>
<msg timestamp="20221121 17:56:39.398" level="INFO">HANDLE::&lt;class 'NoneType'&gt;::None</msg>
<kw name="Capture Page Screenshot" library="SeleniumLibrary">
<doc>Takes a screenshot of the current page and embeds it into a log file.</doc>
<msg timestamp="20221121 17:56:39.930" level="FAIL">UnexpectedAlertPresentException: Alert Text: Information has been updated successfully!
Message: unexpected alert open: {Alert text : Information has been updated successfully!}
  (Session info: chrome=107.0.5304.107)
</msg>
<status status="FAIL" starttime="20221121 17:56:39.917" endtime="20221121 17:56:39.941"/>
</kw>
<msg timestamp="20221121 17:56:39.942" level="WARN">Keyword 'Capture Page Screenshot' could not be run on failure: UnexpectedAlertPresentException: Alert Text: Information has been updated successfully!
Message: unexpected alert open: {Alert text : Information has been updated successfully!}
  (Session info: chrome=107.0.5304.107)
</msg>
<msg timestamp="20221121 17:56:39.944" level="FAIL">ValueError: Invalid alert action 'ACCEPT:OK'.</msg>
<status status="FAIL" starttime="20221121 17:56:39.397" endtime="20221121 17:56:39.945"/>
</kw>
<kw name="Sleep" library="BuiltIn">
<arg>2s</arg>
<doc>Pauses the test executed for the given time.</doc>
<status status="NOT RUN" starttime="20221121 17:56:39.946" endtime="20221121 17:56:39.946"/>
</kw>
<kw name="Click Element" library="SeleniumLibrary">
<arg>xpath:/html/body/div/div[5]/section/button</arg>
<doc>Click the element identified by ``locator``.</doc>
<status status="NOT RUN" starttime="20221121 17:56:39.946" endtime="20221121 17:56:39.946"/>
</kw>
<status status="FAIL" starttime="20221121 17:56:32.818" endtime="20221121 17:56:39.947"/>
</kw>
<kw name="Log" library="BuiltIn">
<arg>Application_details_for_Application_Management_Edit_option</arg>
<doc>Logs the given message with the given level.</doc>
<status status="NOT RUN" starttime="20221121 17:56:39.948" endtime="20221121 17:56:39.948"/>
</kw>
<kw name="Set Test Message" library="BuiltIn">
<arg>ExecuteEditpage</arg>
<doc>Sets message for the current test case.</doc>
<status status="NOT RUN" starttime="20221121 17:56:39.949" endtime="20221121 17:56:39.949"/>
</kw>
<doc>Executing_Edit_Testcase</doc>
<tag>Site_details_for_Site_Management_Edit_option</tag>
<status status="FAIL" starttime="20221121 17:56:17.117" endtime="20221121 17:56:39.949">ValueError: Invalid alert action 'ACCEPT:OK'.</status>
</test>
<test id="s1-t10" name="TC010:verify Site_details_for_Site_Management_Delete_option:" line="72">
<kw name="Set Test Documentation" library="BuiltIn">
<arg>Executing_Delete_Testcase</arg>
<doc>Sets documentation for the current test case.</doc>
<msg timestamp="20221121 17:56:39.962" level="INFO">Set test documentation to:
Executing_Delete_Testcase</msg>
<status status="PASS" starttime="20221121 17:56:39.962" endtime="20221121 17:56:39.962"/>
</kw>
<kw name="Application_Details_Login_With_Application_Credentails:" library="site_details">
<kw name="Open Browser" library="SeleniumLibrary">
<arg>${url}</arg>
<arg>${browser}</arg>
<doc>Opens a new browser instance to the optional ``url``.</doc>
<msg timestamp="20221121 17:56:39.964" level="INFO">Opening browser 'chrome' to base url 'https://iottez.com:8443/IOT_WEB_APP/'.</msg>
<status status="PASS" starttime="20221121 17:56:39.964" endtime="20221121 17:56:45.911"/>
</kw>
<kw name="Maximize Browser Window" library="SeleniumLibrary">
<doc>Maximizes current browser window.</doc>
<status status="PASS" starttime="20221121 17:56:45.911" endtime="20221121 17:56:46.115"/>
</kw>
<kw name="Input Text" library="SeleniumLibrary">
<arg>id:uname</arg>
<arg>${appuser}</arg>
<doc>Types the given ``text`` into the text field identified by ``locator``.</doc>
<msg timestamp="20221121 17:56:46.116" level="INFO">Typing text 'arapp' into text field 'id:uname'.</msg>
<status status="PASS" starttime="20221121 17:56:46.115" endtime="20221121 17:56:46.309"/>
</kw>
<kw name="Input Password" library="SeleniumLibrary">
<arg>id:pass</arg>
<arg>${app_pass}</arg>
<doc>Types the given password into the text field identified by ``locator``.</doc>
<msg timestamp="20221121 17:56:46.310" level="INFO">Typing password into text field 'id:pass'.</msg>
<msg timestamp="20221121 17:56:46.384" level="INFO">Temporally setting log level to: NONE</msg>
<msg timestamp="20221121 17:56:46.480" level="INFO">Log level changed from NONE to INFO.</msg>
<status status="PASS" starttime="20221121 17:56:46.310" endtime="20221121 17:56:46.480"/>
</kw>
<kw name="Click Button" library="SeleniumLibrary">
<arg>${submitbutton}</arg>
<doc>Clicks the button identified by ``locator``.</doc>
<msg timestamp="20221121 17:56:46.481" level="INFO">Clicking button 'xpath:/html/body/div/div[2]/div/form/div[4]/div[2]/div/button'.</msg>
<status status="PASS" starttime="20221121 17:56:46.481" endtime="20221121 17:56:52.650"/>
</kw>
<status status="PASS" starttime="20221121 17:56:39.963" endtime="20221121 17:56:52.650"/>
</kw>
<kw name="Application_Details:" library="site_details">
<kw name="Page Should Contain" library="SeleniumLibrary">
<arg>arapp</arg>
<doc>Verifies that current page contains ``text``.</doc>
<msg timestamp="20221121 17:56:52.699" level="INFO">Current page contains text 'arapp'.</msg>
<status status="PASS" starttime="20221121 17:56:52.652" endtime="20221121 17:56:52.700"/>
</kw>
<kw name="Click Element" library="SeleniumLibrary">
<arg>xpath:/html/body/div/div[1]/aside/section/ul/li[3]/a</arg>
<doc>Click the element identified by ``locator``.</doc>
<msg timestamp="20221121 17:56:52.700" level="INFO">Clicking element 'xpath:/html/body/div/div[1]/aside/section/ul/li[3]/a'.</msg>
<status status="PASS" starttime="20221121 17:56:52.700" endtime="20221121 17:56:55.180"/>
</kw>
<status status="PASS" starttime="20221121 17:56:52.651" endtime="20221121 17:56:55.181"/>
</kw>
<kw name="Application_details_for_Application_Management_Delete_option:" library="site_details">
<kw name="Page Should Contain" library="SeleniumLibrary">
<arg>arapp</arg>
<doc>Verifies that current page contains ``text``.</doc>
<msg timestamp="20221121 17:56:55.204" level="INFO">Current page contains text 'arapp'.</msg>
<status status="PASS" starttime="20221121 17:56:55.183" endtime="20221121 17:56:55.205"/>
</kw>
<kw name="Click Element" library="SeleniumLibrary">
<arg>xpath:/html/body/div/div[1]/aside/section/ul/li[3]/a</arg>
<doc>Click the element identified by ``locator``.</doc>
<msg timestamp="20221121 17:56:55.205" level="INFO">Clicking element 'xpath:/html/body/div/div[1]/aside/section/ul/li[3]/a'.</msg>
<status status="PASS" starttime="20221121 17:56:55.205" endtime="20221121 17:56:55.851"/>
</kw>
<kw name="Sleep" library="BuiltIn">
<arg>2s</arg>
<doc>Pauses the test executed for the given time.</doc>
<msg timestamp="20221121 17:56:57.868" level="INFO">Slept 2 seconds</msg>
<status status="PASS" starttime="20221121 17:56:55.852" endtime="20221121 17:56:57.868"/>
</kw>
<kw name="Click Element" library="SeleniumLibrary">
<arg>xpath:/html/body/div/div[5]/section/div[3]/div/div/div/div[2]/div/table/tbody/tr/td[9]/button[3]</arg>
<doc>Click the element identified by ``locator``.</doc>
<msg timestamp="20221121 17:56:57.869" level="INFO">Clicking element 'xpath:/html/body/div/div[5]/section/div[3]/div/div/div/div[2]/div/table/tbody/tr/td[9]/button[3]'.</msg>
<status status="PASS" starttime="20221121 17:56:57.869" endtime="20221121 17:56:57.953"/>
</kw>
<kw name="Handle Alert" library="SeleniumLibrary">
<arg>DISMISS:cancel</arg>
<doc>Handles the current alert and returns its message.</doc>
<msg timestamp="20221121 17:56:57.954" level="INFO">HANDLE::&lt;class 'NoneType'&gt;::None</msg>
<kw name="Capture Page Screenshot" library="SeleniumLibrary">
<doc>Takes a screenshot of the current page and embeds it into a log file.</doc>
<msg timestamp="20221121 17:56:57.968" level="FAIL">UnexpectedAlertPresentException: Alert Text: Are you sure you want to delete the application?
Message: unexpected alert open: {Alert text : Are you sure you want to delete the application?}
  (Session info: chrome=107.0.5304.107)
</msg>
<status status="FAIL" starttime="20221121 17:56:57.958" endtime="20221121 17:56:57.971"/>
</kw>
<msg timestamp="20221121 17:56:57.971" level="WARN">Keyword 'Capture Page Screenshot' could not be run on failure: UnexpectedAlertPresentException: Alert Text: Are you sure you want to delete the application?
Message: unexpected alert open: {Alert text : Are you sure you want to delete the application?}
  (Session info: chrome=107.0.5304.107)
</msg>
<msg timestamp="20221121 17:56:57.977" level="FAIL">ValueError: Invalid alert action 'DISMISS:CANCEL'.</msg>
<status status="FAIL" starttime="20221121 17:56:57.953" endtime="20221121 17:56:57.980"/>
</kw>
<status status="FAIL" starttime="20221121 17:56:55.182" endtime="20221121 17:56:57.986"/>
</kw>
<kw name="Log" library="BuiltIn">
<arg>Application_details_for_Application_Management_Delete_option</arg>
<doc>Logs the given message with the given level.</doc>
<status status="NOT RUN" starttime="20221121 17:56:57.987" endtime="20221121 17:56:57.987"/>
</kw>
<kw name="Set Test Message" library="BuiltIn">
<arg>ExecuteDeletepage</arg>
<doc>Sets message for the current test case.</doc>
<status status="NOT RUN" starttime="20221121 17:56:57.988" endtime="20221121 17:56:57.988"/>
</kw>
<doc>Executing_Delete_Testcase</doc>
<tag>Application_details_for_Application_Management_Delete_option</tag>
<status status="FAIL" starttime="20221121 17:56:39.960" endtime="20221121 17:56:57.991">ValueError: Invalid alert action 'DISMISS:CANCEL'.</status>
</test>
<test id="s1-t11" name="TC011:Verify_Appliaction_Details_Search_option:" line="82">
<kw name="Set Test Documentation" library="BuiltIn">
<arg>Executing_Search_Testcase</arg>
<doc>Sets documentation for the current test case.</doc>
<msg timestamp="20221121 17:56:58.002" level="INFO">Set test documentation to:
Executing_Search_Testcase</msg>
<status status="PASS" starttime="20221121 17:56:58.001" endtime="20221121 17:56:58.003"/>
</kw>
<kw name="Application_Details_Login_With_Application_Credentails:" library="site_details">
<kw name="Open Browser" library="SeleniumLibrary">
<arg>${url}</arg>
<arg>${browser}</arg>
<doc>Opens a new browser instance to the optional ``url``.</doc>
<msg timestamp="20221121 17:56:58.006" level="INFO">Opening browser 'chrome' to base url 'https://iottez.com:8443/IOT_WEB_APP/'.</msg>
<status status="PASS" starttime="20221121 17:56:58.005" endtime="20221121 17:57:02.207"/>
</kw>
<kw name="Maximize Browser Window" library="SeleniumLibrary">
<doc>Maximizes current browser window.</doc>
<status status="PASS" starttime="20221121 17:57:02.207" endtime="20221121 17:57:02.421"/>
</kw>
<kw name="Input Text" library="SeleniumLibrary">
<arg>id:uname</arg>
<arg>${appuser}</arg>
<doc>Types the given ``text`` into the text field identified by ``locator``.</doc>
<msg timestamp="20221121 17:57:02.422" level="INFO">Typing text 'arapp' into text field 'id:uname'.</msg>
<status status="PASS" starttime="20221121 17:57:02.421" endtime="20221121 17:57:02.611"/>
</kw>
<kw name="Input Password" library="SeleniumLibrary">
<arg>id:pass</arg>
<arg>${app_pass}</arg>
<doc>Types the given password into the text field identified by ``locator``.</doc>
<msg timestamp="20221121 17:57:02.612" level="INFO">Typing password into text field 'id:pass'.</msg>
<msg timestamp="20221121 17:57:02.677" level="INFO">Temporally setting log level to: NONE</msg>
<msg timestamp="20221121 17:57:02.784" level="INFO">Log level changed from NONE to INFO.</msg>
<status status="PASS" starttime="20221121 17:57:02.611" endtime="20221121 17:57:02.784"/>
</kw>
<kw name="Click Button" library="SeleniumLibrary">
<arg>${submitbutton}</arg>
<doc>Clicks the button identified by ``locator``.</doc>
<msg timestamp="20221121 17:57:02.784" level="INFO">Clicking button 'xpath:/html/body/div/div[2]/div/form/div[4]/div[2]/div/button'.</msg>
<status status="PASS" starttime="20221121 17:57:02.784" endtime="20221121 17:57:07.774"/>
</kw>
<status status="PASS" starttime="20221121 17:56:58.004" endtime="20221121 17:57:07.774"/>
</kw>
<kw name="Application_Details:" library="site_details">
<kw name="Page Should Contain" library="SeleniumLibrary">
<arg>arapp</arg>
<doc>Verifies that current page contains ``text``.</doc>
<msg timestamp="20221121 17:57:07.862" level="INFO">Current page contains text 'arapp'.</msg>
<status status="PASS" starttime="20221121 17:57:07.782" endtime="20221121 17:57:07.862"/>
</kw>
<kw name="Click Element" library="SeleniumLibrary">
<arg>xpath:/html/body/div/div[1]/aside/section/ul/li[3]/a</arg>
<doc>Click the element identified by ``locator``.</doc>
<msg timestamp="20221121 17:57:07.863" level="INFO">Clicking element 'xpath:/html/body/div/div[1]/aside/section/ul/li[3]/a'.</msg>
<status status="PASS" starttime="20221121 17:57:07.862" endtime="20221121 17:57:09.151"/>
</kw>
<status status="PASS" starttime="20221121 17:57:07.781" endtime="20221121 17:57:09.151"/>
</kw>
<kw name="Application_details_for_Application_Management_Search_option:" library="site_details">
<kw name="Page Should Contain" library="SeleniumLibrary">
<arg>arapp</arg>
<doc>Verifies that current page contains ``text``.</doc>
<msg timestamp="20221121 17:57:09.171" level="INFO">Current page contains text 'arapp'.</msg>
<status status="PASS" starttime="20221121 17:57:09.155" endtime="20221121 17:57:09.171"/>
</kw>
<kw name="Select From List By Value" library="SeleniumLibrary">
<arg>xpath:/html/body/div/div[5]/section/div[2]/div[1]/select</arg>
<arg>61</arg>
<doc>Selects options from selection list ``locator`` by ``values``.</doc>
<msg timestamp="20221121 17:57:09.171" level="INFO">Selecting options from selection list 'xpath:/html/body/div/div[5]/section/div[2]/div[1]/select' by value 61.</msg>
<kw name="Capture Page Screenshot" library="SeleniumLibrary">
<doc>Takes a screenshot of the current page and embeds it into a log file.</doc>
<msg timestamp="20221121 17:57:09.352" level="INFO" html="true">&lt;/td&gt;&lt;/tr&gt;&lt;tr&gt;&lt;td colspan="3"&gt;&lt;a href="selenium-screenshot-3.png"&gt;&lt;img src="selenium-screenshot-3.png" width="800px"&gt;&lt;/a&gt;</msg>
<status status="PASS" starttime="20221121 17:57:09.226" endtime="20221121 17:57:09.352"/>
</kw>
<msg timestamp="20221121 17:57:09.353" level="FAIL">NoSuchElementException: Message: Cannot locate option with value: 61
</msg>
<status status="FAIL" starttime="20221121 17:57:09.171" endtime="20221121 17:57:09.356"/>
</kw>
<kw name="Sleep" library="BuiltIn">
<arg>2s</arg>
<doc>Pauses the test executed for the given time.</doc>
<status status="NOT RUN" starttime="20221121 17:57:09.357" endtime="20221121 17:57:09.357"/>
</kw>
<kw name="Select From List By Value" library="SeleniumLibrary">
<arg>xpath:/html/body/div/div[5]/section/div[2]/div[2]/select</arg>
<arg>46</arg>
<doc>Selects options from selection list ``locator`` by ``values``.</doc>
<status status="NOT RUN" starttime="20221121 17:57:09.358" endtime="20221121 17:57:09.358"/>
</kw>
<kw name="Sleep" library="BuiltIn">
<arg>2s</arg>
<doc>Pauses the test executed for the given time.</doc>
<status status="NOT RUN" starttime="20221121 17:57:09.358" endtime="20221121 17:57:09.358"/>
</kw>
<kw name="Click Element" library="SeleniumLibrary">
<arg>xpath:/html/body/div/div[5]/section/div[2]/div[3]/button</arg>
<doc>Click the element identified by ``locator``.</doc>
<status status="NOT RUN" starttime="20221121 17:57:09.358" endtime="20221121 17:57:09.358"/>
</kw>
<status status="FAIL" starttime="20221121 17:57:09.153" endtime="20221121 17:57:09.359"/>
</kw>
<kw name="Log" library="BuiltIn">
<arg>Application_details_for_Application_Management_Search_option</arg>
<doc>Logs the given message with the given level.</doc>
<status status="NOT RUN" starttime="20221121 17:57:09.363" endtime="20221121 17:57:09.363"/>
</kw>
<kw name="Set Test Message" library="BuiltIn">
<arg>ExecuteSearchpage</arg>
<doc>Sets message for the current test case.</doc>
<status status="NOT RUN" starttime="20221121 17:57:09.363" endtime="20221121 17:57:09.364"/>
</kw>
<doc>Executing_Search_Testcase</doc>
<tag>Application_details_for_Application_Management_Search_option</tag>
<status status="FAIL" starttime="20221121 17:56:58.000" endtime="20221121 17:57:09.364">NoSuchElementException: Message: Cannot locate option with value: 61
</status>
</test>
<test id="s1-t12" name="TC012:Verify_Application_Details_Sign_out:" line="91">
<kw name="Set Test Documentation" library="BuiltIn">
<arg>Executing_Search_Testcase</arg>
<doc>Sets documentation for the current test case.</doc>
<msg timestamp="20221121 17:57:09.370" level="INFO">Set test documentation to:
Executing_Search_Testcase</msg>
<status status="PASS" starttime="20221121 17:57:09.370" endtime="20221121 17:57:09.371"/>
</kw>
<kw name="Application_Details_Login_With_Application_Credentails:" library="site_details">
<kw name="Open Browser" library="SeleniumLibrary">
<arg>${url}</arg>
<arg>${browser}</arg>
<doc>Opens a new browser instance to the optional ``url``.</doc>
<msg timestamp="20221121 17:57:09.373" level="INFO">Opening browser 'chrome' to base url 'https://iottez.com:8443/IOT_WEB_APP/'.</msg>
<status status="PASS" starttime="20221121 17:57:09.372" endtime="20221121 17:57:54.959"/>
</kw>
<kw name="Maximize Browser Window" library="SeleniumLibrary">
<doc>Maximizes current browser window.</doc>
<status status="PASS" starttime="20221121 17:57:54.959" endtime="20221121 17:57:55.104"/>
</kw>
<kw name="Input Text" library="SeleniumLibrary">
<arg>id:uname</arg>
<arg>${appuser}</arg>
<doc>Types the given ``text`` into the text field identified by ``locator``.</doc>
<msg timestamp="20221121 17:57:55.104" level="INFO">Typing text 'arapp' into text field 'id:uname'.</msg>
<status status="PASS" starttime="20221121 17:57:55.104" endtime="20221121 17:57:55.307"/>
</kw>
<kw name="Input Password" library="SeleniumLibrary">
<arg>id:pass</arg>
<arg>${app_pass}</arg>
<doc>Types the given password into the text field identified by ``locator``.</doc>
<msg timestamp="20221121 17:57:55.309" level="INFO">Typing password into text field 'id:pass'.</msg>
<msg timestamp="20221121 17:57:55.371" level="INFO">Temporally setting log level to: NONE</msg>
<msg timestamp="20221121 17:57:55.468" level="INFO">Log level changed from NONE to INFO.</msg>
<status status="PASS" starttime="20221121 17:57:55.308" endtime="20221121 17:57:55.468"/>
</kw>
<kw name="Click Button" library="SeleniumLibrary">
<arg>${submitbutton}</arg>
<doc>Clicks the button identified by ``locator``.</doc>
<msg timestamp="20221121 17:57:55.469" level="INFO">Clicking button 'xpath:/html/body/div/div[2]/div/form/div[4]/div[2]/div/button'.</msg>
<status status="PASS" starttime="20221121 17:57:55.469" endtime="20221121 17:58:15.611"/>
</kw>
<status status="PASS" starttime="20221121 17:57:09.371" endtime="20221121 17:58:15.611"/>
</kw>
<kw name="Application_Details:" library="site_details">
<kw name="Page Should Contain" library="SeleniumLibrary">
<arg>arapp</arg>
<doc>Verifies that current page contains ``text``.</doc>
<msg timestamp="20221121 17:58:15.685" level="INFO">Current page contains text 'arapp'.</msg>
<status status="PASS" starttime="20221121 17:58:15.614" endtime="20221121 17:58:15.685"/>
</kw>
<kw name="Click Element" library="SeleniumLibrary">
<arg>xpath:/html/body/div/div[1]/aside/section/ul/li[3]/a</arg>
<doc>Click the element identified by ``locator``.</doc>
<msg timestamp="20221121 17:58:15.686" level="INFO">Clicking element 'xpath:/html/body/div/div[1]/aside/section/ul/li[3]/a'.</msg>
<status status="PASS" starttime="20221121 17:58:15.686" endtime="20221121 17:58:18.407"/>
</kw>
<status status="PASS" starttime="20221121 17:58:15.613" endtime="20221121 17:58:18.408"/>
</kw>
<kw name="Application_Details_Sign_out:" library="site_details">
<kw name="Page Should Contain" library="SeleniumLibrary">
<arg>arapp</arg>
<doc>Verifies that current page contains ``text``.</doc>
<msg timestamp="20221121 17:58:18.445" level="INFO">Current page contains text 'arapp'.</msg>
<status status="PASS" starttime="20221121 17:58:18.412" endtime="20221121 17:58:18.445"/>
</kw>
<kw name="Click Element" library="SeleniumLibrary">
<arg>xpath:/html/body/div/div[1]/aside/section/ul/li[10]/a</arg>
<doc>Click the element identified by ``locator``.</doc>
<msg timestamp="20221121 17:58:18.446" level="INFO">Clicking element 'xpath:/html/body/div/div[1]/aside/section/ul/li[10]/a'.</msg>
<status status="PASS" starttime="20221121 17:58:18.446" endtime="20221121 17:58:18.548"/>
</kw>
<kw name="Sleep" library="BuiltIn">
<arg>2s</arg>
<doc>Pauses the test executed for the given time.</doc>
<msg timestamp="20221121 17:58:20.553" level="INFO">Slept 2 seconds</msg>
<status status="PASS" starttime="20221121 17:58:18.548" endtime="20221121 17:58:20.554"/>
</kw>
<kw name="Click Element" library="SeleniumLibrary">
<arg>xpath:/html/body/div[1]/div[4]/div/div/div[2]/div/div[2]/button</arg>
<doc>Click the element identified by ``locator``.</doc>
<msg timestamp="20221121 17:58:20.555" level="INFO">Clicking element 'xpath:/html/body/div[1]/div[4]/div/div/div[2]/div/div[2]/button'.</msg>
<status status="PASS" starttime="20221121 17:58:20.554" endtime="20221121 17:58:20.643"/>
</kw>
<kw name="Sleep" library="BuiltIn">
<arg>2s</arg>
<doc>Pauses the test executed for the given time.</doc>
<msg timestamp="20221121 17:58:22.649" level="INFO">Slept 2 seconds</msg>
<status status="PASS" starttime="20221121 17:58:20.645" endtime="20221121 17:58:22.649"/>
</kw>
<kw name="Click Element" library="SeleniumLibrary">
<arg>xpath:/html/body/div/div[1]/aside/section/ul/li[10]/a</arg>
<doc>Click the element identified by ``locator``.</doc>
<msg timestamp="20221121 17:58:22.650" level="INFO">Clicking element 'xpath:/html/body/div/div[1]/aside/section/ul/li[10]/a'.</msg>
<status status="PASS" starttime="20221121 17:58:22.650" endtime="20221121 17:58:22.741"/>
</kw>
<kw name="Sleep" library="BuiltIn">
<arg>2s</arg>
<doc>Pauses the test executed for the given time.</doc>
<msg timestamp="20221121 17:58:24.750" level="INFO">Slept 2 seconds</msg>
<status status="PASS" starttime="20221121 17:58:22.742" endtime="20221121 17:58:24.751"/>
</kw>
<kw name="Click Element" library="SeleniumLibrary">
<arg>xpath:/html/body/div[1]/div[4]/div/div/div[2]/div/div[2]/a/button</arg>
<doc>Click the element identified by ``locator``.</doc>
<msg timestamp="20221121 17:58:24.751" level="INFO">Clicking element 'xpath:/html/body/div[1]/div[4]/div/div/div[2]/div/div[2]/a/button'.</msg>
<status status="PASS" starttime="20221121 17:58:24.751" endtime="20221121 17:58:26.079"/>
</kw>
<status status="PASS" starttime="20221121 17:58:18.409" endtime="20221121 17:58:26.079"/>
</kw>
<kw name="Log" library="BuiltIn">
<arg>Application_details_for_Application_Management_Search_option</arg>
<doc>Logs the given message with the given level.</doc>
<msg timestamp="20221121 17:58:26.081" level="INFO">Application_details_for_Application_Management_Search_option</msg>
<status status="PASS" starttime="20221121 17:58:26.080" endtime="20221121 17:58:26.081"/>
</kw>
<kw name="Set Test Message" library="BuiltIn">
<arg>ExecuteSignoutpage</arg>
<doc>Sets message for the current test case.</doc>
<msg timestamp="20221121 17:58:26.082" level="INFO">Set test message to:
ExecuteSignoutpage</msg>
<status status="PASS" starttime="20221121 17:58:26.081" endtime="20221121 17:58:26.082"/>
</kw>
<doc>Executing_Search_Testcase</doc>
<tag>Application_details_for_Application_Management_Search_option</tag>
<status status="PASS" starttime="20221121 17:57:09.368" endtime="20221121 17:58:26.083">ExecuteSignoutpage</status>
</test>
<test id="s1-t13" name="TC013:Verify_Application_Management_In_Site_Details_Search_option:" line="100">
<kw name="Set Test Documentation" library="BuiltIn">
<arg>Executing_Search_Testcase</arg>
<doc>Sets documentation for the current test case.</doc>
<msg timestamp="20221121 17:58:26.092" level="INFO">Set test documentation to:
Executing_Search_Testcase</msg>
<status status="PASS" starttime="20221121 17:58:26.091" endtime="20221121 17:58:26.092"/>
</kw>
<kw name="Application_Details_Login_With_Application_Credentails:" library="site_details">
<kw name="Open Browser" library="SeleniumLibrary">
<arg>${url}</arg>
<arg>${browser}</arg>
<doc>Opens a new browser instance to the optional ``url``.</doc>
<msg timestamp="20221121 17:58:26.094" level="INFO">Opening browser 'chrome' to base url 'https://iottez.com:8443/IOT_WEB_APP/'.</msg>
<status status="PASS" starttime="20221121 17:58:26.093" endtime="20221121 17:58:35.456"/>
</kw>
<kw name="Maximize Browser Window" library="SeleniumLibrary">
<doc>Maximizes current browser window.</doc>
<status status="PASS" starttime="20221121 17:58:35.457" endtime="20221121 17:58:35.603"/>
</kw>
<kw name="Input Text" library="SeleniumLibrary">
<arg>id:uname</arg>
<arg>${appuser}</arg>
<doc>Types the given ``text`` into the text field identified by ``locator``.</doc>
<msg timestamp="20221121 17:58:35.604" level="INFO">Typing text 'arapp' into text field 'id:uname'.</msg>
<status status="PASS" starttime="20221121 17:58:35.603" endtime="20221121 17:58:35.791"/>
</kw>
<kw name="Input Password" library="SeleniumLibrary">
<arg>id:pass</arg>
<arg>${app_pass}</arg>
<doc>Types the given password into the text field identified by ``locator``.</doc>
<msg timestamp="20221121 17:58:35.792" level="INFO">Typing password into text field 'id:pass'.</msg>
<msg timestamp="20221121 17:58:35.849" level="INFO">Temporally setting log level to: NONE</msg>
<msg timestamp="20221121 17:58:35.954" level="INFO">Log level changed from NONE to INFO.</msg>
<status status="PASS" starttime="20221121 17:58:35.791" endtime="20221121 17:58:35.954"/>
</kw>
<kw name="Click Button" library="SeleniumLibrary">
<arg>${submitbutton}</arg>
<doc>Clicks the button identified by ``locator``.</doc>
<msg timestamp="20221121 17:58:35.956" level="INFO">Clicking button 'xpath:/html/body/div/div[2]/div/form/div[4]/div[2]/div/button'.</msg>
<status status="PASS" starttime="20221121 17:58:35.955" endtime="20221121 17:58:44.898"/>
</kw>
<status status="PASS" starttime="20221121 17:58:26.092" endtime="20221121 17:58:44.898"/>
</kw>
<kw name="Application_Management_In_Site_Details_Search_Option:" library="site_details">
<kw name="Page Should Contain" library="SeleniumLibrary">
<arg>arapp</arg>
<doc>Verifies that current page contains ``text``.</doc>
<msg timestamp="20221121 17:58:44.937" level="INFO">Current page contains text 'arapp'.</msg>
<status status="PASS" starttime="20221121 17:58:44.900" endtime="20221121 17:58:44.937"/>
</kw>
<kw name="Click Element" library="SeleniumLibrary">
<arg>xpath:/html/body/div/div[1]/aside/section/ul/li[2]/a</arg>
<doc>Click the element identified by ``locator``.</doc>
<msg timestamp="20221121 17:58:44.939" level="INFO">Clicking element 'xpath:/html/body/div/div[1]/aside/section/ul/li[2]/a'.</msg>
<status status="PASS" starttime="20221121 17:58:44.938" endtime="20221121 17:58:46.164"/>
</kw>
<kw name="Sleep" library="BuiltIn">
<arg>2s</arg>
<doc>Pauses the test executed for the given time.</doc>
<msg timestamp="20221121 17:58:48.166" level="INFO">Slept 2 seconds</msg>
<status status="PASS" starttime="20221121 17:58:46.164" endtime="20221121 17:58:48.166"/>
</kw>
<kw name="Select From List By Value" library="SeleniumLibrary">
<arg>xpath:/html/body/div/div[5]/section/div[2]/div/select</arg>
<arg>45</arg>
<doc>Selects options from selection list ``locator`` by ``values``.</doc>
<msg timestamp="20221121 17:58:48.167" level="INFO">Selecting options from selection list 'xpath:/html/body/div/div[5]/section/div[2]/div/select' by value 45.</msg>
<status status="PASS" starttime="20221121 17:58:48.166" endtime="20221121 17:58:48.317"/>
</kw>
<kw name="Close Browser" library="SeleniumLibrary">
<doc>Closes the current browser.</doc>
<status status="PASS" starttime="20221121 17:58:48.317" endtime="20221121 17:58:51.498"/>
</kw>
<status status="PASS" starttime="20221121 17:58:44.899" endtime="20221121 17:58:51.499"/>
</kw>
<kw name="Log" library="BuiltIn">
<arg>Application_details_for_Application_Management_Search_option</arg>
<doc>Logs the given message with the given level.</doc>
<msg timestamp="20221121 17:58:51.500" level="INFO">Application_details_for_Application_Management_Search_option</msg>
<status status="PASS" starttime="20221121 17:58:51.500" endtime="20221121 17:58:51.500"/>
</kw>
<kw name="Set Test Message" library="BuiltIn">
<arg>ExecuteSignoutpage</arg>
<doc>Sets message for the current test case.</doc>
<msg timestamp="20221121 17:58:51.501" level="INFO">Set test message to:
ExecuteSignoutpage</msg>
<status status="PASS" starttime="20221121 17:58:51.501" endtime="20221121 17:58:51.502"/>
</kw>
<doc>Executing_Search_Testcase</doc>
<tag>Application_Management_</tag>
<status status="PASS" starttime="20221121 17:58:26.090" endtime="20221121 17:58:51.502">ExecuteSignoutpage</status>
</test>
<test id="s1-t14" name="TC014:Verify_Application_Management_In_Site_Details_View_option:" line="108">
<kw name="Set Test Documentation" library="BuiltIn">
<arg>Executing_Search_Testcase</arg>
<doc>Sets documentation for the current test case.</doc>
<msg timestamp="20221121 17:58:51.508" level="INFO">Set test documentation to:
Executing_Search_Testcase</msg>
<status status="PASS" starttime="20221121 17:58:51.508" endtime="20221121 17:58:51.509"/>
</kw>
<kw name="Application_Details_Login_With_Application_Credentails:" library="site_details">
<kw name="Open Browser" library="SeleniumLibrary">
<arg>${url}</arg>
<arg>${browser}</arg>
<doc>Opens a new browser instance to the optional ``url``.</doc>
<msg timestamp="20221121 17:58:51.511" level="INFO">Opening browser 'chrome' to base url 'https://iottez.com:8443/IOT_WEB_APP/'.</msg>
<status status="PASS" starttime="20221121 17:58:51.510" endtime="20221121 17:58:55.088"/>
</kw>
<kw name="Maximize Browser Window" library="SeleniumLibrary">
<doc>Maximizes current browser window.</doc>
<status status="PASS" starttime="20221121 17:58:55.089" endtime="20221121 17:58:55.223"/>
</kw>
<kw name="Input Text" library="SeleniumLibrary">
<arg>id:uname</arg>
<arg>${appuser}</arg>
<doc>Types the given ``text`` into the text field identified by ``locator``.</doc>
<msg timestamp="20221121 17:58:55.225" level="INFO">Typing text 'arapp' into text field 'id:uname'.</msg>
<status status="PASS" starttime="20221121 17:58:55.224" endtime="20221121 17:58:55.445"/>
</kw>
<kw name="Input Password" library="SeleniumLibrary">
<arg>id:pass</arg>
<arg>${app_pass}</arg>
<doc>Types the given password into the text field identified by ``locator``.</doc>
<msg timestamp="20221121 17:58:55.447" level="INFO">Typing password into text field 'id:pass'.</msg>
<msg timestamp="20221121 17:58:55.526" level="INFO">Temporally setting log level to: NONE</msg>
<msg timestamp="20221121 17:58:55.633" level="INFO">Log level changed from NONE to INFO.</msg>
<status status="PASS" starttime="20221121 17:58:55.446" endtime="20221121 17:58:55.633"/>
</kw>
<kw name="Click Button" library="SeleniumLibrary">
<arg>${submitbutton}</arg>
<doc>Clicks the button identified by ``locator``.</doc>
<msg timestamp="20221121 17:58:55.634" level="INFO">Clicking button 'xpath:/html/body/div/div[2]/div/form/div[4]/div[2]/div/button'.</msg>
<status status="PASS" starttime="20221121 17:58:55.634" endtime="20221121 17:58:58.970"/>
</kw>
<status status="PASS" starttime="20221121 17:58:51.509" endtime="20221121 17:58:58.971"/>
</kw>
<kw name="Application_Management_In_Site_Details_View_Option:" library="site_details">
<kw name="Page Should Contain" library="SeleniumLibrary">
<arg>arapp</arg>
<doc>Verifies that current page contains ``text``.</doc>
<msg timestamp="20221121 17:58:59.018" level="INFO">Current page contains text 'arapp'.</msg>
<status status="PASS" starttime="20221121 17:58:58.973" endtime="20221121 17:58:59.019"/>
</kw>
<kw name="Click Element" library="SeleniumLibrary">
<arg>xpath:/html/body/div/div[1]/aside/section/ul/li[2]/a</arg>
<doc>Click the element identified by ``locator``.</doc>
<msg timestamp="20221121 17:58:59.019" level="INFO">Clicking element 'xpath:/html/body/div/div[1]/aside/section/ul/li[2]/a'.</msg>
<status status="PASS" starttime="20221121 17:58:59.019" endtime="20221121 17:59:00.250"/>
</kw>
<kw name="Sleep" library="BuiltIn">
<arg>2s</arg>
<doc>Pauses the test executed for the given time.</doc>
<msg timestamp="20221121 17:59:02.260" level="INFO">Slept 2 seconds</msg>
<status status="PASS" starttime="20221121 17:59:00.250" endtime="20221121 17:59:02.261"/>
</kw>
<kw name="Click Element" library="SeleniumLibrary">
<arg>xpath:/html/body/div/div[5]/section/div[3]/div/div/div/div[2]/div/table/tbody/tr/td[8]/button</arg>
<doc>Click the element identified by ``locator``.</doc>
<msg timestamp="20221121 17:59:02.261" level="INFO">Clicking element 'xpath:/html/body/div/div[5]/section/div[3]/div/div/div/div[2]/div/table/tbody/tr/td[8]/button'.</msg>
<status status="PASS" starttime="20221121 17:59:02.261" endtime="20221121 17:59:03.137"/>
</kw>
<kw name="Sleep" library="BuiltIn">
<arg>2s</arg>
<doc>Pauses the test executed for the given time.</doc>
<msg timestamp="20221121 17:59:05.145" level="INFO">Slept 2 seconds</msg>
<status status="PASS" starttime="20221121 17:59:03.137" endtime="20221121 17:59:05.145"/>
</kw>
<kw name="Click Element" library="SeleniumLibrary">
<arg>xpath:/html/body/div/div[5]/section/button</arg>
<doc>Click the element identified by ``locator``.</doc>
<msg timestamp="20221121 17:59:05.146" level="INFO">Clicking element 'xpath:/html/body/div/div[5]/section/button'.</msg>
<status status="PASS" starttime="20221121 17:59:05.145" endtime="20221121 17:59:05.827"/>
</kw>
<kw name="Sleep" library="BuiltIn">
<arg>2s</arg>
<doc>Pauses the test executed for the given time.</doc>
<msg timestamp="20221121 17:59:07.841" level="INFO">Slept 2 seconds</msg>
<status status="PASS" starttime="20221121 17:59:05.827" endtime="20221121 17:59:07.841"/>
</kw>
<kw name="Close Browser" library="SeleniumLibrary">
<doc>Closes the current browser.</doc>
<status status="PASS" starttime="20221121 17:59:07.841" endtime="20221121 17:59:11.185"/>
</kw>
<status status="PASS" starttime="20221121 17:58:58.972" endtime="20221121 17:59:11.186"/>
</kw>
<kw name="Log" library="BuiltIn">
<arg>Application_details_for_Application_Management_Search_option</arg>
<doc>Logs the given message with the given level.</doc>
<msg timestamp="20221121 17:59:11.187" level="INFO">Application_details_for_Application_Management_Search_option</msg>
<status status="PASS" starttime="20221121 17:59:11.187" endtime="20221121 17:59:11.187"/>
</kw>
<kw name="Set Test Message" library="BuiltIn">
<arg>ExecuteSignoutpage</arg>
<doc>Sets message for the current test case.</doc>
<msg timestamp="20221121 17:59:11.189" level="INFO">Set test message to:
ExecuteSignoutpage</msg>
<status status="PASS" starttime="20221121 17:59:11.188" endtime="20221121 17:59:11.189"/>
</kw>
<doc>Executing_Search_Testcase</doc>
<tag>Application_Management_</tag>
<status status="PASS" starttime="20221121 17:58:51.506" endtime="20221121 17:59:11.189">ExecuteSignoutpage</status>
</test>
<test id="s1-t15" name="TC015:Application_Management_In_Site_Details:" line="116">
<kw name="Set Test Documentation" library="BuiltIn">
<arg>Executing_Search_Testcase</arg>
<doc>Sets documentation for the current test case.</doc>
<msg timestamp="20221121 17:59:11.195" level="INFO">Set test documentation to:
Executing_Search_Testcase</msg>
<status status="PASS" starttime="20221121 17:59:11.195" endtime="20221121 17:59:11.195"/>
</kw>
<kw name="Application_Details_Login_With_Application_Credentails:" library="site_details">
<kw name="Open Browser" library="SeleniumLibrary">
<arg>${url}</arg>
<arg>${browser}</arg>
<doc>Opens a new browser instance to the optional ``url``.</doc>
<msg timestamp="20221121 17:59:11.198" level="INFO">Opening browser 'chrome' to base url 'https://iottez.com:8443/IOT_WEB_APP/'.</msg>
<status status="PASS" starttime="20221121 17:59:11.197" endtime="20221121 17:59:14.976"/>
</kw>
<kw name="Maximize Browser Window" library="SeleniumLibrary">
<doc>Maximizes current browser window.</doc>
<status status="PASS" starttime="20221121 17:59:14.976" endtime="20221121 17:59:15.108"/>
</kw>
<kw name="Input Text" library="SeleniumLibrary">
<arg>id:uname</arg>
<arg>${appuser}</arg>
<doc>Types the given ``text`` into the text field identified by ``locator``.</doc>
<msg timestamp="20221121 17:59:15.109" level="INFO">Typing text 'arapp' into text field 'id:uname'.</msg>
<status status="PASS" starttime="20221121 17:59:15.109" endtime="20221121 17:59:15.325"/>
</kw>
<kw name="Input Password" library="SeleniumLibrary">
<arg>id:pass</arg>
<arg>${app_pass}</arg>
<doc>Types the given password into the text field identified by ``locator``.</doc>
<msg timestamp="20221121 17:59:15.326" level="INFO">Typing password into text field 'id:pass'.</msg>
<msg timestamp="20221121 17:59:15.409" level="INFO">Temporally setting log level to: NONE</msg>
<msg timestamp="20221121 17:59:15.521" level="INFO">Log level changed from NONE to INFO.</msg>
<status status="PASS" starttime="20221121 17:59:15.325" endtime="20221121 17:59:15.521"/>
</kw>
<kw name="Click Button" library="SeleniumLibrary">
<arg>${submitbutton}</arg>
<doc>Clicks the button identified by ``locator``.</doc>
<msg timestamp="20221121 17:59:15.522" level="INFO">Clicking button 'xpath:/html/body/div/div[2]/div/form/div[4]/div[2]/div/button'.</msg>
<status status="PASS" starttime="20221121 17:59:15.521" endtime="20221121 17:59:20.697"/>
</kw>
<status status="PASS" starttime="20221121 17:59:11.196" endtime="20221121 17:59:20.697"/>
</kw>
<kw name="Application_Management_In_Site_Details_Search_Option:" library="site_details">
<kw name="Page Should Contain" library="SeleniumLibrary">
<arg>arapp</arg>
<doc>Verifies that current page contains ``text``.</doc>
<msg timestamp="20221121 17:59:20.750" level="INFO">Current page contains text 'arapp'.</msg>
<status status="PASS" starttime="20221121 17:59:20.699" endtime="20221121 17:59:20.750"/>
</kw>
<kw name="Click Element" library="SeleniumLibrary">
<arg>xpath:/html/body/div/div[1]/aside/section/ul/li[2]/a</arg>
<doc>Click the element identified by ``locator``.</doc>
<msg timestamp="20221121 17:59:20.751" level="INFO">Clicking element 'xpath:/html/body/div/div[1]/aside/section/ul/li[2]/a'.</msg>
<status status="PASS" starttime="20221121 17:59:20.751" endtime="20221121 17:59:22.409"/>
</kw>
<kw name="Sleep" library="BuiltIn">
<arg>2s</arg>
<doc>Pauses the test executed for the given time.</doc>
<msg timestamp="20221121 17:59:24.413" level="INFO">Slept 2 seconds</msg>
<status status="PASS" starttime="20221121 17:59:22.409" endtime="20221121 17:59:24.413"/>
</kw>
<kw name="Select From List By Value" library="SeleniumLibrary">
<arg>xpath:/html/body/div/div[5]/section/div[2]/div/select</arg>
<arg>45</arg>
<doc>Selects options from selection list ``locator`` by ``values``.</doc>
<msg timestamp="20221121 17:59:24.415" level="INFO">Selecting options from selection list 'xpath:/html/body/div/div[5]/section/div[2]/div/select' by value 45.</msg>
<status status="PASS" starttime="20221121 17:59:24.414" endtime="20221121 17:59:24.696"/>
</kw>
<kw name="Close Browser" library="SeleniumLibrary">
<doc>Closes the current browser.</doc>
<status status="PASS" starttime="20221121 17:59:24.697" endtime="20221121 17:59:28.369"/>
</kw>
<status status="PASS" starttime="20221121 17:59:20.698" endtime="20221121 17:59:28.370"/>
</kw>
<kw name="Log" library="BuiltIn">
<arg>Application_details_for_Application_Management_Search_option</arg>
<doc>Logs the given message with the given level.</doc>
<msg timestamp="20221121 17:59:28.371" level="INFO">Application_details_for_Application_Management_Search_option</msg>
<status status="PASS" starttime="20221121 17:59:28.371" endtime="20221121 17:59:28.371"/>
</kw>
<kw name="Set Test Message" library="BuiltIn">
<arg>ExecuteSignoutpage</arg>
<doc>Sets message for the current test case.</doc>
<msg timestamp="20221121 17:59:28.373" level="INFO">Set test message to:
ExecuteSignoutpage</msg>
<status status="PASS" starttime="20221121 17:59:28.372" endtime="20221121 17:59:28.373"/>
</kw>
<doc>Executing_Search_Testcase</doc>
<tag>Application_Management_</tag>
<status status="PASS" starttime="20221121 17:59:11.193" endtime="20221121 17:59:28.374">ExecuteSignoutpage</status>
</test>
<status status="FAIL" starttime="20221121 17:54:35.757" endtime="20221121 17:59:28.379"/>
</suite>
<statistics>
<total>
<stat pass="10" fail="5" skip="0">All Tests</stat>
</total>
<tag>
<stat pass="1" fail="0" skip="0">App_Details_case</stat>
<stat pass="0" fail="1" skip="0">Application_details_for_Application_Management_Delete_option</stat>
<stat pass="1" fail="1" skip="0">Application_details_for_Application_Management_Search_option</stat>
<stat pass="3" fail="0" skip="0">Application_Management_</stat>
<stat pass="1" fail="0" skip="0">Login_app_Details_case</stat>
<stat pass="0" fail="1" skip="0">Login_Fota_case</stat>
<stat pass="1" fail="0" skip="0">Login_site_Details_case</stat>
<stat pass="0" fail="1" skip="0">Site_details_for_Site_Management_Delete_option</stat>
<stat pass="1" fail="1" skip="0">Site_details_for_Site_Management_Edit_option</stat>
<stat pass="2" fail="0" skip="0">Site_details_for_Site_Management_View_option</stat>
</tag>
<suite>
<stat pass="10" fail="5" skip="0" id="s1" name="site details Test manage">site details Test manage</stat>
</suite>
</statistics>
<errors>
<msg timestamp="20221121 17:56:39.942" level="WARN">Keyword 'Capture Page Screenshot' could not be run on failure: UnexpectedAlertPresentException: Alert Text: Information has been updated successfully!
Message: unexpected alert open: {Alert text : Information has been updated successfully!}
  (Session info: chrome=107.0.5304.107)
</msg>
<msg timestamp="20221121 17:56:57.971" level="WARN">Keyword 'Capture Page Screenshot' could not be run on failure: UnexpectedAlertPresentException: Alert Text: Are you sure you want to delete the application?
Message: unexpected alert open: {Alert text : Are you sure you want to delete the application?}
  (Session info: chrome=107.0.5304.107)
</msg>
</errors>
</robot>
